<?xml version="1.0" encoding="UTF-8"?>
<testsuite name="com.tourguide.app.TourGuideServiceTest" tests="4" skipped="0" failures="0" errors="0" timestamp="2022-01-28T21:49:31" hostname="iMac-de-Admin.local" time="6.684">
  <properties/>
  <testcase name="getCurrentLocationTest" classname="com.tourguide.app.TourGuideServiceTest" time="1.695"/>
  <testcase name="getNearByAttractionsTest" classname="com.tourguide.app.TourGuideServiceTest" time="3.931"/>
  <testcase name="getAllCurrentLocationsTest" classname="com.tourguide.app.TourGuideServiceTest" time="0.007"/>
  <testcase name="getTripDealsTest" classname="com.tourguide.app.TourGuideServiceTest" time="1.049"/>
  <system-out><![CDATA[22:49:31.792 [Test worker] INFO com.tourguide.app.service.TourGuideService - TestMode enabled
22:49:31.802 [Test worker] DEBUG com.tourguide.app.service.TourGuideService - Initializing users
22:49:31.810 [Test worker] DEBUG com.tourguide.app.service.TourGuideService - Created 100 internal test users.
22:49:31.810 [Test worker] DEBUG com.tourguide.app.service.TourGuideService - Finished initializing users
22:49:31.828 [pool-1-thread-1] DEBUG com.tourguide.app.helper.Tracker - Begin Tracker. Tracking 100 users.
22:49:33.076 [Test worker] DEBUG org.springframework.web.client.RestTemplate - HTTP GET http://localhost:9006/getCurrentLocation/7cfb079f-d9b2-40f1-b8f7-34a9721583b6
22:49:33.076 [pool-1-thread-1] DEBUG org.springframework.web.client.RestTemplate - HTTP GET http://localhost:9006/getCurrentLocation/7c516c50-9819-443b-bf93-385017620439
22:49:33.215 [Test worker] DEBUG org.springframework.web.client.RestTemplate - Accept=[application/json, application/*+json]
22:49:33.215 [pool-1-thread-1] DEBUG org.springframework.web.client.RestTemplate - Accept=[application/json, application/*+json]
22:49:33.271 [pool-1-thread-1] DEBUG org.springframework.web.client.RestTemplate - Response 200 OK
22:49:33.273 [Test worker] DEBUG org.springframework.web.client.RestTemplate - Response 200 OK
22:49:33.284 [Test worker] DEBUG org.springframework.web.client.RestTemplate - Reading to [com.tourguide.app.model.VisitedLocation]
22:49:33.284 [pool-1-thread-1] DEBUG org.springframework.web.client.RestTemplate - Reading to [com.tourguide.app.model.VisitedLocation]
22:49:33.337 [Test worker] INFO com.tourguide.app.service.TourGuideService - TestMode enabled
22:49:33.337 [Test worker] DEBUG com.tourguide.app.service.TourGuideService - Initializing users
22:49:33.340 [Test worker] DEBUG com.tourguide.app.service.TourGuideService - Created 100 internal test users.
22:49:33.340 [Test worker] DEBUG com.tourguide.app.service.TourGuideService - Finished initializing users
22:49:33.341 [pool-2-thread-1] DEBUG com.tourguide.app.helper.Tracker - Begin Tracker. Tracking 100 users.
22:49:33.341 [pool-1-thread-1] DEBUG org.springframework.web.client.RestTemplate - HTTP GET http://localhost:9006/getCurrentLocation/a59bef40-78a5-4424-a602-1da412c9f4d9
22:49:33.344 [pool-1-thread-1] DEBUG org.springframework.web.client.RestTemplate - Accept=[application/json, application/*+json]
22:49:33.344 [pool-2-thread-1] DEBUG org.springframework.web.client.RestTemplate - HTTP GET http://localhost:9006/getCurrentLocation/115f15d9-7f1d-40a1-9124-c69fbd80c574
22:49:33.347 [pool-2-thread-1] DEBUG org.springframework.web.client.RestTemplate - Accept=[application/json, application/*+json]
22:49:33.364 [pool-2-thread-1] DEBUG org.springframework.web.client.RestTemplate - Response 200 OK
22:49:33.365 [pool-2-thread-1] DEBUG org.springframework.web.client.RestTemplate - Reading to [com.tourguide.app.model.VisitedLocation]
22:49:33.371 [pool-2-thread-1] DEBUG org.springframework.web.client.RestTemplate - HTTP GET http://localhost:9006/getCurrentLocation/5ea69cd3-fea4-479b-ad22-dc95b6394060
22:49:33.377 [pool-2-thread-1] DEBUG org.springframework.web.client.RestTemplate - Accept=[application/json, application/*+json]
22:49:33.384 [pool-2-thread-1] DEBUG org.springframework.web.client.RestTemplate - Response 200 OK
22:49:33.384 [pool-2-thread-1] DEBUG org.springframework.web.client.RestTemplate - Reading to [com.tourguide.app.model.VisitedLocation]
22:49:33.394 [pool-2-thread-1] DEBUG org.springframework.web.client.RestTemplate - HTTP GET http://localhost:9006/getCurrentLocation/4bba0420-eb35-490b-8347-b41907938f3b
22:49:33.394 [Test worker] DEBUG org.springframework.web.client.RestTemplate - HTTP GET http://localhost:9006/getCurrentLocation/57b7a97f-0999-439b-b8dd-d273b97a8ab4
22:49:33.394 [pool-1-thread-1] DEBUG org.springframework.web.client.RestTemplate - Response 200 OK
22:49:33.397 [pool-2-thread-1] DEBUG org.springframework.web.client.RestTemplate - Accept=[application/json, application/*+json]
22:49:33.414 [pool-2-thread-1] DEBUG org.springframework.web.client.RestTemplate - Response 200 OK
22:49:33.414 [pool-2-thread-1] DEBUG org.springframework.web.client.RestTemplate - Reading to [com.tourguide.app.model.VisitedLocation]
22:49:33.415 [Test worker] DEBUG org.springframework.web.client.RestTemplate - Accept=[application/json, application/*+json]
22:49:33.417 [pool-1-thread-1] DEBUG org.springframework.web.client.RestTemplate - Reading to [com.tourguide.app.model.VisitedLocation]
22:49:33.420 [pool-2-thread-1] DEBUG org.springframework.web.client.RestTemplate - HTTP GET http://localhost:9006/getCurrentLocation/b7b42975-fa53-4c86-9aa9-5147bd21fdcd
22:49:33.423 [pool-2-thread-1] DEBUG org.springframework.web.client.RestTemplate - Accept=[application/json, application/*+json]
22:49:33.430 [pool-1-thread-1] DEBUG org.springframework.web.client.RestTemplate - HTTP GET http://localhost:9006/getCurrentLocation/06f0145b-309e-4cf1-a527-d52285f5be1a
22:49:33.431 [pool-2-thread-1] DEBUG org.springframework.web.client.RestTemplate - Response 200 OK
22:49:33.432 [pool-2-thread-1] DEBUG org.springframework.web.client.RestTemplate - Reading to [com.tourguide.app.model.VisitedLocation]
22:49:33.438 [pool-2-thread-1] DEBUG org.springframework.web.client.RestTemplate - HTTP GET http://localhost:9006/getCurrentLocation/d407c0f0-0ca1-4776-b905-d9984c191c2b
22:49:33.440 [pool-1-thread-1] DEBUG org.springframework.web.client.RestTemplate - Accept=[application/json, application/*+json]
22:49:33.441 [pool-2-thread-1] DEBUG org.springframework.web.client.RestTemplate - Accept=[application/json, application/*+json]
22:49:33.440 [Test worker] DEBUG org.springframework.web.client.RestTemplate - Response 200 OK
22:49:33.442 [Test worker] DEBUG org.springframework.web.client.RestTemplate - Reading to [com.tourguide.app.model.VisitedLocation]
22:49:33.449 [Test worker] DEBUG org.springframework.web.client.RestTemplate - HTTP GET http://localhost:9006/getLastLocation/57b7a97f-0999-439b-b8dd-d273b97a8ab4
22:49:33.455 [pool-2-thread-1] DEBUG org.springframework.web.client.RestTemplate - Response 200 OK
22:49:33.456 [pool-2-thread-1] DEBUG org.springframework.web.client.RestTemplate - Reading to [com.tourguide.app.model.VisitedLocation]
22:49:33.459 [Test worker] DEBUG org.springframework.web.client.RestTemplate - Accept=[application/json, application/*+json]
22:49:33.461 [pool-2-thread-1] DEBUG org.springframework.web.client.RestTemplate - HTTP GET http://localhost:9006/getCurrentLocation/0a8f05fc-873d-4e3e-9241-7592bf43fd3e
22:49:33.464 [pool-2-thread-1] DEBUG org.springframework.web.client.RestTemplate - Accept=[application/json, application/*+json]
22:49:33.461 [pool-1-thread-1] DEBUG org.springframework.web.client.RestTemplate - Response 200 OK
22:49:33.467 [pool-1-thread-1] DEBUG org.springframework.web.client.RestTemplate - Reading to [com.tourguide.app.model.VisitedLocation]
22:49:33.477 [pool-2-thread-1] DEBUG org.springframework.web.client.RestTemplate - Response 200 OK
22:49:33.478 [pool-2-thread-1] DEBUG org.springframework.web.client.RestTemplate - Reading to [com.tourguide.app.model.VisitedLocation]
22:49:33.483 [pool-1-thread-1] DEBUG org.springframework.web.client.RestTemplate - HTTP GET http://localhost:9006/getCurrentLocation/7db6a373-d80f-48a8-9968-36f547afe7df
22:49:33.483 [pool-2-thread-1] DEBUG org.springframework.web.client.RestTemplate - HTTP GET http://localhost:9006/getCurrentLocation/01faefa8-7ff5-4d59-9043-182b626400a5
22:49:33.487 [pool-2-thread-1] DEBUG org.springframework.web.client.RestTemplate - Accept=[application/json, application/*+json]
22:49:33.487 [pool-1-thread-1] DEBUG org.springframework.web.client.RestTemplate - Accept=[application/json, application/*+json]
22:49:33.496 [pool-1-thread-1] DEBUG org.springframework.web.client.RestTemplate - Response 200 OK
22:49:33.496 [pool-2-thread-1] DEBUG org.springframework.web.client.RestTemplate - Response 200 OK
22:49:33.497 [pool-2-thread-1] DEBUG org.springframework.web.client.RestTemplate - Reading to [com.tourguide.app.model.VisitedLocation]
22:49:33.497 [pool-1-thread-1] DEBUG org.springframework.web.client.RestTemplate - Reading to [com.tourguide.app.model.VisitedLocation]
22:49:33.502 [pool-2-thread-1] DEBUG org.springframework.web.client.RestTemplate - HTTP GET http://localhost:9006/getCurrentLocation/83fb9b61-1336-4d62-bb28-b58addd29e29
22:49:33.502 [pool-1-thread-1] DEBUG org.springframework.web.client.RestTemplate - HTTP GET http://localhost:9006/getCurrentLocation/1a2020a0-0de5-4f59-9e6f-82b7186e0603
22:49:33.504 [pool-1-thread-1] DEBUG org.springframework.web.client.RestTemplate - Accept=[application/json, application/*+json]
22:49:33.504 [pool-2-thread-1] DEBUG org.springframework.web.client.RestTemplate - Accept=[application/json, application/*+json]
22:49:33.517 [pool-1-thread-1] DEBUG org.springframework.web.client.RestTemplate - Response 200 OK
22:49:33.517 [pool-2-thread-1] DEBUG org.springframework.web.client.RestTemplate - Response 200 OK
22:49:33.517 [pool-2-thread-1] DEBUG org.springframework.web.client.RestTemplate - Reading to [com.tourguide.app.model.VisitedLocation]
22:49:33.517 [pool-1-thread-1] DEBUG org.springframework.web.client.RestTemplate - Reading to [com.tourguide.app.model.VisitedLocation]
22:49:33.522 [pool-2-thread-1] DEBUG org.springframework.web.client.RestTemplate - HTTP GET http://localhost:9006/getCurrentLocation/d0c237c0-e3fd-4d81-9125-ed460f40fd65
22:49:33.522 [pool-1-thread-1] DEBUG org.springframework.web.client.RestTemplate - HTTP GET http://localhost:9006/getCurrentLocation/5ccd73f8-a188-43c8-9652-86bb7bf553f4
22:49:33.525 [pool-1-thread-1] DEBUG org.springframework.web.client.RestTemplate - Accept=[application/json, application/*+json]
22:49:33.525 [pool-2-thread-1] DEBUG org.springframework.web.client.RestTemplate - Accept=[application/json, application/*+json]
22:49:33.528 [Test worker] DEBUG org.springframework.web.client.RestTemplate - Response 200 OK
22:49:33.528 [Test worker] DEBUG org.springframework.web.client.RestTemplate - Reading to [com.tourguide.app.model.VisitedLocation]
22:49:33.536 [Test worker] DEBUG org.springframework.web.client.RestTemplate - HTTP POST http://localhost:9007/getNearByAttractions
22:49:33.542 [pool-2-thread-1] DEBUG org.springframework.web.client.RestTemplate - Response 200 OK
22:49:33.542 [pool-2-thread-1] DEBUG org.springframework.web.client.RestTemplate - Reading to [com.tourguide.app.model.VisitedLocation]
22:49:33.544 [Test worker] DEBUG org.springframework.web.client.RestTemplate - Accept=[application/json, application/*+json]
22:49:33.549 [pool-2-thread-1] DEBUG org.springframework.web.client.RestTemplate - HTTP GET http://localhost:9006/getCurrentLocation/58bebb58-28b4-4d6f-91eb-061fe6482f45
22:49:33.593 [pool-2-thread-1] DEBUG org.springframework.web.client.RestTemplate - Accept=[application/json, application/*+json]
22:49:33.604 [pool-1-thread-1] DEBUG org.springframework.web.client.RestTemplate - Response 200 OK
22:49:33.604 [pool-1-thread-1] DEBUG org.springframework.web.client.RestTemplate - Reading to [com.tourguide.app.model.VisitedLocation]
22:49:33.610 [pool-1-thread-1] DEBUG org.springframework.web.client.RestTemplate - HTTP GET http://localhost:9006/getCurrentLocation/604923a0-a6fb-4b11-a70f-4f597cbd92be
22:49:33.613 [pool-1-thread-1] DEBUG org.springframework.web.client.RestTemplate - Accept=[application/json, application/*+json]
22:49:33.623 [pool-1-thread-1] DEBUG org.springframework.web.client.RestTemplate - Response 200 OK
22:49:33.623 [pool-1-thread-1] DEBUG org.springframework.web.client.RestTemplate - Reading to [com.tourguide.app.model.VisitedLocation]
22:49:33.626 [pool-2-thread-1] DEBUG org.springframework.web.client.RestTemplate - Response 200 OK
22:49:33.627 [pool-2-thread-1] DEBUG org.springframework.web.client.RestTemplate - Reading to [com.tourguide.app.model.VisitedLocation]
22:49:33.628 [pool-1-thread-1] DEBUG org.springframework.web.client.RestTemplate - HTTP GET http://localhost:9006/getCurrentLocation/5159fc8e-8c7a-44e7-a11a-a56912788a3c
22:49:33.631 [pool-1-thread-1] DEBUG org.springframework.web.client.RestTemplate - Accept=[application/json, application/*+json]
22:49:33.631 [pool-2-thread-1] DEBUG org.springframework.web.client.RestTemplate - HTTP GET http://localhost:9006/getCurrentLocation/a8c998e8-5151-47f3-8a2e-19b9c93edcc6
22:49:33.635 [pool-2-thread-1] DEBUG org.springframework.web.client.RestTemplate - Accept=[application/json, application/*+json]
22:49:33.644 [pool-1-thread-1] DEBUG org.springframework.web.client.RestTemplate - Response 200 OK
22:49:33.644 [pool-1-thread-1] DEBUG org.springframework.web.client.RestTemplate - Reading to [com.tourguide.app.model.VisitedLocation]
22:49:33.648 [pool-1-thread-1] DEBUG org.springframework.web.client.RestTemplate - HTTP GET http://localhost:9006/getCurrentLocation/fa747786-66d7-4f4d-b99c-d0609e2b8d55
22:49:33.651 [pool-1-thread-1] DEBUG org.springframework.web.client.RestTemplate - Accept=[application/json, application/*+json]
22:49:33.653 [Test worker] DEBUG org.springframework.web.client.RestTemplate - Writing [com.tourguide.app.model.VisitedLocation@61365251] with org.springframework.http.converter.json.MappingJackson2HttpMessageConverter
22:49:33.665 [pool-1-thread-1] DEBUG org.springframework.web.client.RestTemplate - Response 200 OK
22:49:33.666 [pool-1-thread-1] DEBUG org.springframework.web.client.RestTemplate - Reading to [com.tourguide.app.model.VisitedLocation]
22:49:33.674 [pool-1-thread-1] DEBUG org.springframework.web.client.RestTemplate - HTTP GET http://localhost:9006/getCurrentLocation/3c17e8fc-174a-4e8a-ba31-0811a2668825
22:49:33.677 [pool-1-thread-1] DEBUG org.springframework.web.client.RestTemplate - Accept=[application/json, application/*+json]
22:49:33.699 [pool-2-thread-1] DEBUG org.springframework.web.client.RestTemplate - Response 200 OK
22:49:33.699 [pool-2-thread-1] DEBUG org.springframework.web.client.RestTemplate - Reading to [com.tourguide.app.model.VisitedLocation]
22:49:33.705 [pool-2-thread-1] DEBUG org.springframework.web.client.RestTemplate - HTTP GET http://localhost:9006/getCurrentLocation/029aba3f-5bcc-4675-b7bb-8714e3c8cf87
22:49:33.709 [pool-2-thread-1] DEBUG org.springframework.web.client.RestTemplate - Accept=[application/json, application/*+json]
22:49:33.727 [pool-1-thread-1] DEBUG org.springframework.web.client.RestTemplate - Response 200 OK
22:49:33.727 [pool-1-thread-1] DEBUG org.springframework.web.client.RestTemplate - Reading to [com.tourguide.app.model.VisitedLocation]
22:49:33.734 [pool-1-thread-1] DEBUG org.springframework.web.client.RestTemplate - HTTP GET http://localhost:9006/getCurrentLocation/658143a7-e6a0-4119-b386-9011e1d9266c
22:49:33.740 [pool-1-thread-1] DEBUG org.springframework.web.client.RestTemplate - Accept=[application/json, application/*+json]
22:49:33.803 [pool-2-thread-1] DEBUG org.springframework.web.client.RestTemplate - Response 200 OK
22:49:33.804 [pool-2-thread-1] DEBUG org.springframework.web.client.RestTemplate - Reading to [com.tourguide.app.model.VisitedLocation]
22:49:33.808 [pool-2-thread-1] DEBUG org.springframework.web.client.RestTemplate - HTTP GET http://localhost:9006/getCurrentLocation/4c978005-a10f-4587-936a-2b5e71cbd8a2
22:49:33.811 [pool-2-thread-1] DEBUG org.springframework.web.client.RestTemplate - Accept=[application/json, application/*+json]
22:49:33.830 [pool-1-thread-1] DEBUG org.springframework.web.client.RestTemplate - Response 200 OK
22:49:33.831 [pool-1-thread-1] DEBUG org.springframework.web.client.RestTemplate - Reading to [com.tourguide.app.model.VisitedLocation]
22:49:33.835 [pool-1-thread-1] DEBUG org.springframework.web.client.RestTemplate - HTTP GET http://localhost:9006/getCurrentLocation/497f7564-1be7-4d47-9dc6-02be259cde10
22:49:33.837 [pool-1-thread-1] DEBUG org.springframework.web.client.RestTemplate - Accept=[application/json, application/*+json]
22:49:33.847 [pool-2-thread-1] DEBUG org.springframework.web.client.RestTemplate - Response 200 OK
22:49:33.847 [pool-2-thread-1] DEBUG org.springframework.web.client.RestTemplate - Reading to [com.tourguide.app.model.VisitedLocation]
22:49:33.854 [pool-2-thread-1] DEBUG org.springframework.web.client.RestTemplate - HTTP GET http://localhost:9006/getCurrentLocation/5bc542cc-af0d-4651-a0f6-d8aef8f5cb75
22:49:33.859 [pool-2-thread-1] DEBUG org.springframework.web.client.RestTemplate - Accept=[application/json, application/*+json]
22:49:33.875 [pool-1-thread-1] DEBUG org.springframework.web.client.RestTemplate - Response 200 OK
22:49:33.876 [pool-1-thread-1] DEBUG org.springframework.web.client.RestTemplate - Reading to [com.tourguide.app.model.VisitedLocation]
22:49:33.881 [pool-1-thread-1] DEBUG org.springframework.web.client.RestTemplate - HTTP GET http://localhost:9006/getCurrentLocation/e4b8540f-cec9-43a0-a557-9da51ad7de12
22:49:33.884 [pool-1-thread-1] DEBUG org.springframework.web.client.RestTemplate - Accept=[application/json, application/*+json]
22:49:33.886 [pool-2-thread-1] DEBUG org.springframework.web.client.RestTemplate - Response 200 OK
22:49:33.887 [pool-2-thread-1] DEBUG org.springframework.web.client.RestTemplate - Reading to [com.tourguide.app.model.VisitedLocation]
22:49:33.893 [pool-2-thread-1] DEBUG org.springframework.web.client.RestTemplate - HTTP GET http://localhost:9006/getCurrentLocation/3c51bf93-baf1-458e-b52a-12440806838f
22:49:33.897 [pool-2-thread-1] DEBUG org.springframework.web.client.RestTemplate - Accept=[application/json, application/*+json]
22:49:33.906 [pool-2-thread-1] DEBUG org.springframework.web.client.RestTemplate - Response 200 OK
22:49:33.907 [pool-2-thread-1] DEBUG org.springframework.web.client.RestTemplate - Reading to [com.tourguide.app.model.VisitedLocation]
22:49:33.912 [pool-2-thread-1] DEBUG org.springframework.web.client.RestTemplate - HTTP GET http://localhost:9006/getCurrentLocation/0bdba95c-9b57-49d8-b5f4-588bd85fa012
22:49:33.914 [pool-2-thread-1] DEBUG org.springframework.web.client.RestTemplate - Accept=[application/json, application/*+json]
22:49:33.922 [pool-2-thread-1] DEBUG org.springframework.web.client.RestTemplate - Response 200 OK
22:49:33.922 [pool-2-thread-1] DEBUG org.springframework.web.client.RestTemplate - Reading to [com.tourguide.app.model.VisitedLocation]
22:49:33.927 [pool-2-thread-1] DEBUG org.springframework.web.client.RestTemplate - HTTP GET http://localhost:9006/getCurrentLocation/65fa5b5f-5153-45c0-8107-42d2f7936bbe
22:49:33.928 [pool-1-thread-1] DEBUG org.springframework.web.client.RestTemplate - Response 200 OK
22:49:33.929 [pool-1-thread-1] DEBUG org.springframework.web.client.RestTemplate - Reading to [com.tourguide.app.model.VisitedLocation]
22:49:33.930 [pool-2-thread-1] DEBUG org.springframework.web.client.RestTemplate - Accept=[application/json, application/*+json]
22:49:33.938 [pool-1-thread-1] DEBUG org.springframework.web.client.RestTemplate - HTTP GET http://localhost:9006/getCurrentLocation/ed051de7-8098-4d39-9947-34a4421a6cc5
22:49:33.939 [pool-2-thread-1] DEBUG org.springframework.web.client.RestTemplate - Response 200 OK
22:49:33.940 [pool-2-thread-1] DEBUG org.springframework.web.client.RestTemplate - Reading to [com.tourguide.app.model.VisitedLocation]
22:49:33.941 [pool-1-thread-1] DEBUG org.springframework.web.client.RestTemplate - Accept=[application/json, application/*+json]
22:49:33.945 [pool-2-thread-1] DEBUG org.springframework.web.client.RestTemplate - HTTP GET http://localhost:9006/getCurrentLocation/66b8b13f-9df0-4bfc-8bd5-c11322a426db
22:49:33.948 [pool-2-thread-1] DEBUG org.springframework.web.client.RestTemplate - Accept=[application/json, application/*+json]
22:49:33.949 [pool-1-thread-1] DEBUG org.springframework.web.client.RestTemplate - Response 200 OK
22:49:33.950 [pool-1-thread-1] DEBUG org.springframework.web.client.RestTemplate - Reading to [com.tourguide.app.model.VisitedLocation]
22:49:33.955 [pool-1-thread-1] DEBUG org.springframework.web.client.RestTemplate - HTTP GET http://localhost:9006/getCurrentLocation/5a8e73be-bdfd-42d3-8c9a-fce3707772db
22:49:33.959 [pool-1-thread-1] DEBUG org.springframework.web.client.RestTemplate - Accept=[application/json, application/*+json]
22:49:33.982 [pool-1-thread-1] DEBUG org.springframework.web.client.RestTemplate - Response 200 OK
22:49:33.982 [pool-1-thread-1] DEBUG org.springframework.web.client.RestTemplate - Reading to [com.tourguide.app.model.VisitedLocation]
22:49:33.987 [pool-2-thread-1] DEBUG org.springframework.web.client.RestTemplate - Response 200 OK
22:49:33.987 [pool-2-thread-1] DEBUG org.springframework.web.client.RestTemplate - Reading to [com.tourguide.app.model.VisitedLocation]
22:49:33.988 [pool-1-thread-1] DEBUG org.springframework.web.client.RestTemplate - HTTP GET http://localhost:9006/getCurrentLocation/2874c834-2ad0-465c-8e2d-c150e18ff159
22:49:33.991 [pool-1-thread-1] DEBUG org.springframework.web.client.RestTemplate - Accept=[application/json, application/*+json]
22:49:33.993 [pool-2-thread-1] DEBUG org.springframework.web.client.RestTemplate - HTTP GET http://localhost:9006/getCurrentLocation/c49304d4-9430-4d62-a76e-a97f5e338751
22:49:33.996 [pool-2-thread-1] DEBUG org.springframework.web.client.RestTemplate - Accept=[application/json, application/*+json]
22:49:34.000 [pool-1-thread-1] DEBUG org.springframework.web.client.RestTemplate - Response 200 OK
22:49:34.001 [pool-1-thread-1] DEBUG org.springframework.web.client.RestTemplate - Reading to [com.tourguide.app.model.VisitedLocation]
22:49:34.007 [pool-1-thread-1] DEBUG org.springframework.web.client.RestTemplate - HTTP GET http://localhost:9006/getCurrentLocation/d8dff36b-c324-47ba-8521-acd5b6fa5272
22:49:34.009 [pool-2-thread-1] DEBUG org.springframework.web.client.RestTemplate - Response 200 OK
22:49:34.009 [pool-1-thread-1] DEBUG org.springframework.web.client.RestTemplate - Accept=[application/json, application/*+json]
22:49:34.010 [pool-2-thread-1] DEBUG org.springframework.web.client.RestTemplate - Reading to [com.tourguide.app.model.VisitedLocation]
22:49:34.014 [pool-2-thread-1] DEBUG org.springframework.web.client.RestTemplate - HTTP GET http://localhost:9006/getCurrentLocation/e9f19a78-e3a9-4605-8b7e-eeb9e6b7b74b
22:49:34.017 [pool-2-thread-1] DEBUG org.springframework.web.client.RestTemplate - Accept=[application/json, application/*+json]
22:49:34.019 [pool-1-thread-1] DEBUG org.springframework.web.client.RestTemplate - Response 200 OK
22:49:34.019 [pool-1-thread-1] DEBUG org.springframework.web.client.RestTemplate - Reading to [com.tourguide.app.model.VisitedLocation]
22:49:34.024 [pool-1-thread-1] DEBUG org.springframework.web.client.RestTemplate - HTTP GET http://localhost:9006/getCurrentLocation/9a4f2020-5964-4ea6-81d9-f35e6871f704
22:49:34.026 [pool-2-thread-1] DEBUG org.springframework.web.client.RestTemplate - Response 200 OK
22:49:34.027 [pool-1-thread-1] DEBUG org.springframework.web.client.RestTemplate - Accept=[application/json, application/*+json]
22:49:34.027 [pool-2-thread-1] DEBUG org.springframework.web.client.RestTemplate - Reading to [com.tourguide.app.model.VisitedLocation]
22:49:34.031 [pool-2-thread-1] DEBUG org.springframework.web.client.RestTemplate - HTTP GET http://localhost:9006/getCurrentLocation/d6182337-4429-434c-8b66-45e239a9a6a5
22:49:34.034 [pool-2-thread-1] DEBUG org.springframework.web.client.RestTemplate - Accept=[application/json, application/*+json]
22:49:34.046 [pool-1-thread-1] DEBUG org.springframework.web.client.RestTemplate - Response 200 OK
22:49:34.046 [pool-1-thread-1] DEBUG org.springframework.web.client.RestTemplate - Reading to [com.tourguide.app.model.VisitedLocation]
22:49:34.050 [pool-1-thread-1] DEBUG org.springframework.web.client.RestTemplate - HTTP GET http://localhost:9006/getCurrentLocation/05206b82-f4e3-4738-a293-885a093f23a6
22:49:34.053 [pool-1-thread-1] DEBUG org.springframework.web.client.RestTemplate - Accept=[application/json, application/*+json]
22:49:34.057 [pool-2-thread-1] DEBUG org.springframework.web.client.RestTemplate - Response 200 OK
22:49:34.057 [pool-2-thread-1] DEBUG org.springframework.web.client.RestTemplate - Reading to [com.tourguide.app.model.VisitedLocation]
22:49:34.061 [pool-2-thread-1] DEBUG org.springframework.web.client.RestTemplate - HTTP GET http://localhost:9006/getCurrentLocation/7e54a181-2c9b-47c1-8fa7-1a3529272c98
22:49:34.063 [pool-2-thread-1] DEBUG org.springframework.web.client.RestTemplate - Accept=[application/json, application/*+json]
22:49:34.078 [pool-2-thread-1] DEBUG org.springframework.web.client.RestTemplate - Response 200 OK
22:49:34.079 [pool-2-thread-1] DEBUG org.springframework.web.client.RestTemplate - Reading to [com.tourguide.app.model.VisitedLocation]
22:49:34.080 [pool-1-thread-1] DEBUG org.springframework.web.client.RestTemplate - Response 200 OK
22:49:34.080 [pool-1-thread-1] DEBUG org.springframework.web.client.RestTemplate - Reading to [com.tourguide.app.model.VisitedLocation]
22:49:34.083 [pool-2-thread-1] DEBUG org.springframework.web.client.RestTemplate - HTTP GET http://localhost:9006/getCurrentLocation/8bf4de9f-81c2-4f98-be09-6c9a082fb788
22:49:34.083 [pool-1-thread-1] DEBUG org.springframework.web.client.RestTemplate - HTTP GET http://localhost:9006/getCurrentLocation/fa26c40c-acda-4893-b50e-453746c5d84e
22:49:34.085 [pool-2-thread-1] DEBUG org.springframework.web.client.RestTemplate - Accept=[application/json, application/*+json]
22:49:34.087 [pool-1-thread-1] DEBUG org.springframework.web.client.RestTemplate - Accept=[application/json, application/*+json]
22:49:34.096 [pool-2-thread-1] DEBUG org.springframework.web.client.RestTemplate - Response 200 OK
22:49:34.096 [pool-1-thread-1] DEBUG org.springframework.web.client.RestTemplate - Response 200 OK
22:49:34.096 [pool-2-thread-1] DEBUG org.springframework.web.client.RestTemplate - Reading to [com.tourguide.app.model.VisitedLocation]
22:49:34.096 [pool-1-thread-1] DEBUG org.springframework.web.client.RestTemplate - Reading to [com.tourguide.app.model.VisitedLocation]
22:49:34.100 [pool-1-thread-1] DEBUG org.springframework.web.client.RestTemplate - HTTP GET http://localhost:9006/getCurrentLocation/1713fe62-eca3-4e6d-90a0-30d14dd785bc
22:49:34.100 [pool-2-thread-1] DEBUG org.springframework.web.client.RestTemplate - HTTP GET http://localhost:9006/getCurrentLocation/eba80f3f-2b51-4ad7-935e-53727bc1b565
22:49:34.103 [pool-2-thread-1] DEBUG org.springframework.web.client.RestTemplate - Accept=[application/json, application/*+json]
22:49:34.103 [pool-1-thread-1] DEBUG org.springframework.web.client.RestTemplate - Accept=[application/json, application/*+json]
22:49:34.121 [pool-2-thread-1] DEBUG org.springframework.web.client.RestTemplate - Response 200 OK
22:49:34.121 [pool-1-thread-1] DEBUG org.springframework.web.client.RestTemplate - Response 200 OK
22:49:34.122 [pool-2-thread-1] DEBUG org.springframework.web.client.RestTemplate - Reading to [com.tourguide.app.model.VisitedLocation]
22:49:34.122 [pool-1-thread-1] DEBUG org.springframework.web.client.RestTemplate - Reading to [com.tourguide.app.model.VisitedLocation]
22:49:34.127 [pool-1-thread-1] DEBUG org.springframework.web.client.RestTemplate - HTTP GET http://localhost:9006/getCurrentLocation/1e9c5b7b-c6ad-4a4a-833b-d6dfe4d7df29
22:49:34.127 [pool-2-thread-1] DEBUG org.springframework.web.client.RestTemplate - HTTP GET http://localhost:9006/getCurrentLocation/678b5ef7-e1db-497d-9455-d7847237efc1
22:49:34.129 [pool-1-thread-1] DEBUG org.springframework.web.client.RestTemplate - Accept=[application/json, application/*+json]
22:49:34.129 [pool-2-thread-1] DEBUG org.springframework.web.client.RestTemplate - Accept=[application/json, application/*+json]
22:49:34.137 [pool-2-thread-1] DEBUG org.springframework.web.client.RestTemplate - Response 200 OK
22:49:34.138 [pool-2-thread-1] DEBUG org.springframework.web.client.RestTemplate - Reading to [com.tourguide.app.model.VisitedLocation]
22:49:34.140 [pool-1-thread-1] DEBUG org.springframework.web.client.RestTemplate - Response 200 OK
22:49:34.140 [pool-1-thread-1] DEBUG org.springframework.web.client.RestTemplate - Reading to [com.tourguide.app.model.VisitedLocation]
22:49:34.142 [pool-2-thread-1] DEBUG org.springframework.web.client.RestTemplate - HTTP GET http://localhost:9006/getCurrentLocation/9f4677eb-8acc-4f09-91ec-06d5281d8883
22:49:34.144 [pool-1-thread-1] DEBUG org.springframework.web.client.RestTemplate - HTTP GET http://localhost:9006/getCurrentLocation/c1440248-a179-44b3-80e6-2523c2c339c8
22:49:34.144 [pool-2-thread-1] DEBUG org.springframework.web.client.RestTemplate - Accept=[application/json, application/*+json]
22:49:34.147 [pool-1-thread-1] DEBUG org.springframework.web.client.RestTemplate - Accept=[application/json, application/*+json]
22:49:34.157 [pool-1-thread-1] DEBUG org.springframework.web.client.RestTemplate - Response 200 OK
22:49:34.158 [pool-1-thread-1] DEBUG org.springframework.web.client.RestTemplate - Reading to [com.tourguide.app.model.VisitedLocation]
22:49:34.162 [pool-1-thread-1] DEBUG org.springframework.web.client.RestTemplate - HTTP GET http://localhost:9006/getCurrentLocation/156d9671-f198-4648-8507-74054331909f
22:49:34.165 [pool-1-thread-1] DEBUG org.springframework.web.client.RestTemplate - Accept=[application/json, application/*+json]
22:49:34.169 [pool-2-thread-1] DEBUG org.springframework.web.client.RestTemplate - Response 200 OK
22:49:34.170 [pool-2-thread-1] DEBUG org.springframework.web.client.RestTemplate - Reading to [com.tourguide.app.model.VisitedLocation]
22:49:34.176 [pool-2-thread-1] DEBUG org.springframework.web.client.RestTemplate - HTTP GET http://localhost:9006/getCurrentLocation/02ab8b97-0442-46cf-9ba6-c329b31a66f3
22:49:34.179 [pool-2-thread-1] DEBUG org.springframework.web.client.RestTemplate - Accept=[application/json, application/*+json]
22:49:34.189 [pool-2-thread-1] DEBUG org.springframework.web.client.RestTemplate - Response 200 OK
22:49:34.190 [pool-2-thread-1] DEBUG org.springframework.web.client.RestTemplate - Reading to [com.tourguide.app.model.VisitedLocation]
22:49:34.194 [pool-2-thread-1] DEBUG org.springframework.web.client.RestTemplate - HTTP GET http://localhost:9006/getCurrentLocation/1187efe0-ea85-4cb9-a38e-503f5dc8f998
22:49:34.196 [pool-2-thread-1] DEBUG org.springframework.web.client.RestTemplate - Accept=[application/json, application/*+json]
22:49:34.204 [pool-2-thread-1] DEBUG org.springframework.web.client.RestTemplate - Response 200 OK
22:49:34.204 [pool-2-thread-1] DEBUG org.springframework.web.client.RestTemplate - Reading to [com.tourguide.app.model.VisitedLocation]
22:49:34.211 [pool-1-thread-1] DEBUG org.springframework.web.client.RestTemplate - Response 200 OK
22:49:34.211 [pool-1-thread-1] DEBUG org.springframework.web.client.RestTemplate - Reading to [com.tourguide.app.model.VisitedLocation]
22:49:34.211 [pool-2-thread-1] DEBUG org.springframework.web.client.RestTemplate - HTTP GET http://localhost:9006/getCurrentLocation/73e46b11-66cf-4b6f-9602-8f0a52e933d9
22:49:34.217 [pool-2-thread-1] DEBUG org.springframework.web.client.RestTemplate - Accept=[application/json, application/*+json]
22:49:34.220 [pool-1-thread-1] DEBUG org.springframework.web.client.RestTemplate - HTTP GET http://localhost:9006/getCurrentLocation/b48844d5-1c59-4119-9c5a-7cd586408839
22:49:34.224 [pool-1-thread-1] DEBUG org.springframework.web.client.RestTemplate - Accept=[application/json, application/*+json]
22:49:34.246 [pool-1-thread-1] DEBUG org.springframework.web.client.RestTemplate - Response 200 OK
22:49:34.247 [pool-1-thread-1] DEBUG org.springframework.web.client.RestTemplate - Reading to [com.tourguide.app.model.VisitedLocation]
22:49:34.253 [pool-1-thread-1] DEBUG org.springframework.web.client.RestTemplate - HTTP GET http://localhost:9006/getCurrentLocation/401c4be6-89dc-449c-ad2f-39209e6f22d7
22:49:34.254 [pool-2-thread-1] DEBUG org.springframework.web.client.RestTemplate - Response 200 OK
22:49:34.254 [pool-2-thread-1] DEBUG org.springframework.web.client.RestTemplate - Reading to [com.tourguide.app.model.VisitedLocation]
22:49:34.259 [pool-1-thread-1] DEBUG org.springframework.web.client.RestTemplate - Accept=[application/json, application/*+json]
22:49:34.264 [pool-2-thread-1] DEBUG org.springframework.web.client.RestTemplate - HTTP GET http://localhost:9006/getCurrentLocation/df180ebd-f1ae-4663-8c19-ec807b393f0f
22:49:34.267 [pool-2-thread-1] DEBUG org.springframework.web.client.RestTemplate - Accept=[application/json, application/*+json]
22:49:34.285 [pool-1-thread-1] DEBUG org.springframework.web.client.RestTemplate - Response 200 OK
22:49:34.289 [pool-1-thread-1] DEBUG org.springframework.web.client.RestTemplate - Reading to [com.tourguide.app.model.VisitedLocation]
22:49:34.293 [pool-1-thread-1] DEBUG org.springframework.web.client.RestTemplate - HTTP GET http://localhost:9006/getCurrentLocation/95f0aa98-6d71-4abe-ad9d-469712228b85
22:49:34.296 [pool-2-thread-1] DEBUG org.springframework.web.client.RestTemplate - Response 200 OK
22:49:34.296 [pool-1-thread-1] DEBUG org.springframework.web.client.RestTemplate - Accept=[application/json, application/*+json]
22:49:34.296 [pool-2-thread-1] DEBUG org.springframework.web.client.RestTemplate - Reading to [com.tourguide.app.model.VisitedLocation]
22:49:34.301 [pool-2-thread-1] DEBUG org.springframework.web.client.RestTemplate - HTTP GET http://localhost:9006/getCurrentLocation/16e625ed-04d9-4b4a-92dd-10dff737078b
22:49:34.304 [pool-2-thread-1] DEBUG org.springframework.web.client.RestTemplate - Accept=[application/json, application/*+json]
22:49:34.306 [pool-1-thread-1] DEBUG org.springframework.web.client.RestTemplate - Response 200 OK
22:49:34.307 [pool-1-thread-1] DEBUG org.springframework.web.client.RestTemplate - Reading to [com.tourguide.app.model.VisitedLocation]
22:49:34.312 [pool-1-thread-1] DEBUG org.springframework.web.client.RestTemplate - HTTP GET http://localhost:9006/getCurrentLocation/065fdf33-6f9a-4296-a84c-32b46383de1c
22:49:34.316 [pool-1-thread-1] DEBUG org.springframework.web.client.RestTemplate - Accept=[application/json, application/*+json]
22:49:34.340 [pool-2-thread-1] DEBUG org.springframework.web.client.RestTemplate - Response 200 OK
22:49:34.340 [pool-2-thread-1] DEBUG org.springframework.web.client.RestTemplate - Reading to [com.tourguide.app.model.VisitedLocation]
22:49:34.345 [pool-1-thread-1] DEBUG org.springframework.web.client.RestTemplate - Response 200 OK
22:49:34.345 [pool-1-thread-1] DEBUG org.springframework.web.client.RestTemplate - Reading to [com.tourguide.app.model.VisitedLocation]
22:49:34.346 [pool-2-thread-1] DEBUG org.springframework.web.client.RestTemplate - HTTP GET http://localhost:9006/getCurrentLocation/9eff4775-bd50-4d47-b5ce-7c0027ad5563
22:49:34.348 [pool-2-thread-1] DEBUG org.springframework.web.client.RestTemplate - Accept=[application/json, application/*+json]
22:49:34.351 [pool-1-thread-1] DEBUG org.springframework.web.client.RestTemplate - HTTP GET http://localhost:9006/getCurrentLocation/0bc59b35-9e56-47c7-b034-2b26008b1edb
22:49:34.353 [pool-1-thread-1] DEBUG org.springframework.web.client.RestTemplate - Accept=[application/json, application/*+json]
22:49:34.377 [pool-1-thread-1] DEBUG org.springframework.web.client.RestTemplate - Response 200 OK
22:49:34.378 [pool-1-thread-1] DEBUG org.springframework.web.client.RestTemplate - Reading to [com.tourguide.app.model.VisitedLocation]
22:49:34.382 [pool-1-thread-1] DEBUG org.springframework.web.client.RestTemplate - HTTP GET http://localhost:9006/getCurrentLocation/15aff0bc-f57d-4d31-ae7d-f5cb03d93cbc
22:49:34.386 [pool-1-thread-1] DEBUG org.springframework.web.client.RestTemplate - Accept=[application/json, application/*+json]
22:49:34.409 [pool-2-thread-1] DEBUG org.springframework.web.client.RestTemplate - Response 200 OK
22:49:34.410 [pool-2-thread-1] DEBUG org.springframework.web.client.RestTemplate - Reading to [com.tourguide.app.model.VisitedLocation]
22:49:34.414 [pool-2-thread-1] DEBUG org.springframework.web.client.RestTemplate - HTTP GET http://localhost:9006/getCurrentLocation/20ffa5e4-04bd-45b7-aa4f-2d93f3c928d9
22:49:34.416 [pool-2-thread-1] DEBUG org.springframework.web.client.RestTemplate - Accept=[application/json, application/*+json]
22:49:34.424 [pool-2-thread-1] DEBUG org.springframework.web.client.RestTemplate - Response 200 OK
22:49:34.425 [pool-2-thread-1] DEBUG org.springframework.web.client.RestTemplate - Reading to [com.tourguide.app.model.VisitedLocation]
22:49:34.429 [pool-2-thread-1] DEBUG org.springframework.web.client.RestTemplate - HTTP GET http://localhost:9006/getCurrentLocation/70c2753a-4230-4595-a624-af358f82c5c1
22:49:34.431 [pool-2-thread-1] DEBUG org.springframework.web.client.RestTemplate - Accept=[application/json, application/*+json]
22:49:34.434 [pool-1-thread-1] DEBUG org.springframework.web.client.RestTemplate - Response 200 OK
22:49:34.435 [pool-1-thread-1] DEBUG org.springframework.web.client.RestTemplate - Reading to [com.tourguide.app.model.VisitedLocation]
22:49:34.439 [pool-2-thread-1] DEBUG org.springframework.web.client.RestTemplate - Response 200 OK
22:49:34.440 [pool-2-thread-1] DEBUG org.springframework.web.client.RestTemplate - Reading to [com.tourguide.app.model.VisitedLocation]
22:49:34.441 [pool-1-thread-1] DEBUG org.springframework.web.client.RestTemplate - HTTP GET http://localhost:9006/getCurrentLocation/b6c78c91-6591-406e-9c4d-ea45e9b40cfb
22:49:34.443 [pool-1-thread-1] DEBUG org.springframework.web.client.RestTemplate - Accept=[application/json, application/*+json]
22:49:34.445 [pool-2-thread-1] DEBUG org.springframework.web.client.RestTemplate - HTTP GET http://localhost:9006/getCurrentLocation/e08a1ed6-560b-40a7-8a6f-b8068e70921a
22:49:34.447 [pool-2-thread-1] DEBUG org.springframework.web.client.RestTemplate - Accept=[application/json, application/*+json]
22:49:34.456 [pool-1-thread-1] DEBUG org.springframework.web.client.RestTemplate - Response 200 OK
22:49:34.456 [pool-1-thread-1] DEBUG org.springframework.web.client.RestTemplate - Reading to [com.tourguide.app.model.VisitedLocation]
22:49:34.460 [pool-1-thread-1] DEBUG org.springframework.web.client.RestTemplate - HTTP GET http://localhost:9006/getCurrentLocation/eba211b5-bf6e-46d3-bf5f-58f7ed6425af
22:49:34.462 [pool-1-thread-1] DEBUG org.springframework.web.client.RestTemplate - Accept=[application/json, application/*+json]
22:49:34.467 [pool-2-thread-1] DEBUG org.springframework.web.client.RestTemplate - Response 200 OK
22:49:34.467 [pool-2-thread-1] DEBUG org.springframework.web.client.RestTemplate - Reading to [com.tourguide.app.model.VisitedLocation]
22:49:34.470 [pool-2-thread-1] DEBUG org.springframework.web.client.RestTemplate - HTTP GET http://localhost:9006/getCurrentLocation/f6eb38ae-13b5-4c85-a61a-5b4086ecebec
22:49:34.475 [pool-2-thread-1] DEBUG org.springframework.web.client.RestTemplate - Accept=[application/json, application/*+json]
22:49:34.489 [pool-1-thread-1] DEBUG org.springframework.web.client.RestTemplate - Response 200 OK
22:49:34.489 [pool-1-thread-1] DEBUG org.springframework.web.client.RestTemplate - Reading to [com.tourguide.app.model.VisitedLocation]
22:49:34.493 [pool-1-thread-1] DEBUG org.springframework.web.client.RestTemplate - HTTP GET http://localhost:9006/getCurrentLocation/f029fae4-c41a-4740-af6b-61ec8b99f676
22:49:34.495 [pool-1-thread-1] DEBUG org.springframework.web.client.RestTemplate - Accept=[application/json, application/*+json]
22:49:34.499 [pool-2-thread-1] DEBUG org.springframework.web.client.RestTemplate - Response 200 OK
22:49:34.500 [pool-2-thread-1] DEBUG org.springframework.web.client.RestTemplate - Reading to [com.tourguide.app.model.VisitedLocation]
22:49:34.503 [pool-1-thread-1] DEBUG org.springframework.web.client.RestTemplate - Response 200 OK
22:49:34.503 [pool-1-thread-1] DEBUG org.springframework.web.client.RestTemplate - Reading to [com.tourguide.app.model.VisitedLocation]
22:49:34.504 [pool-2-thread-1] DEBUG org.springframework.web.client.RestTemplate - HTTP GET http://localhost:9006/getCurrentLocation/96066e8c-dfe1-42db-9c2b-c295f12d3fb7
22:49:34.507 [pool-2-thread-1] DEBUG org.springframework.web.client.RestTemplate - Accept=[application/json, application/*+json]
22:49:34.507 [pool-1-thread-1] DEBUG org.springframework.web.client.RestTemplate - HTTP GET http://localhost:9006/getCurrentLocation/33b0cf35-cb56-4e65-b363-b3084436d325
22:49:34.510 [pool-1-thread-1] DEBUG org.springframework.web.client.RestTemplate - Accept=[application/json, application/*+json]
22:49:34.518 [pool-1-thread-1] DEBUG org.springframework.web.client.RestTemplate - Response 200 OK
22:49:34.518 [pool-1-thread-1] DEBUG org.springframework.web.client.RestTemplate - Reading to [com.tourguide.app.model.VisitedLocation]
22:49:34.522 [pool-1-thread-1] DEBUG org.springframework.web.client.RestTemplate - HTTP GET http://localhost:9006/getCurrentLocation/1634c1d5-f510-4edc-86b8-661bc397b7a4
22:49:34.525 [pool-1-thread-1] DEBUG org.springframework.web.client.RestTemplate - Accept=[application/json, application/*+json]
22:49:34.528 [pool-2-thread-1] DEBUG org.springframework.web.client.RestTemplate - Response 200 OK
22:49:34.528 [pool-2-thread-1] DEBUG org.springframework.web.client.RestTemplate - Reading to [com.tourguide.app.model.VisitedLocation]
22:49:34.531 [pool-2-thread-1] DEBUG org.springframework.web.client.RestTemplate - HTTP GET http://localhost:9006/getCurrentLocation/7e23ac0c-871a-4fc5-96b7-45d607d41081
22:49:34.533 [pool-2-thread-1] DEBUG org.springframework.web.client.RestTemplate - Accept=[application/json, application/*+json]
22:49:34.547 [pool-2-thread-1] DEBUG org.springframework.web.client.RestTemplate - Response 200 OK
22:49:34.547 [pool-2-thread-1] DEBUG org.springframework.web.client.RestTemplate - Reading to [com.tourguide.app.model.VisitedLocation]
22:49:34.551 [pool-2-thread-1] DEBUG org.springframework.web.client.RestTemplate - HTTP GET http://localhost:9006/getCurrentLocation/aefae8cb-690a-4588-8f29-c52b70fdff54
22:49:34.553 [pool-2-thread-1] DEBUG org.springframework.web.client.RestTemplate - Accept=[application/json, application/*+json]
22:49:34.556 [pool-1-thread-1] DEBUG org.springframework.web.client.RestTemplate - Response 200 OK
22:49:34.557 [pool-1-thread-1] DEBUG org.springframework.web.client.RestTemplate - Reading to [com.tourguide.app.model.VisitedLocation]
22:49:34.560 [pool-1-thread-1] DEBUG org.springframework.web.client.RestTemplate - HTTP GET http://localhost:9006/getCurrentLocation/b5a222d8-09e7-46f1-98d7-f464492d6c7b
22:49:34.563 [pool-1-thread-1] DEBUG org.springframework.web.client.RestTemplate - Accept=[application/json, application/*+json]
22:49:34.570 [pool-1-thread-1] DEBUG org.springframework.web.client.RestTemplate - Response 200 OK
22:49:34.571 [pool-1-thread-1] DEBUG org.springframework.web.client.RestTemplate - Reading to [com.tourguide.app.model.VisitedLocation]
22:49:34.577 [pool-1-thread-1] DEBUG org.springframework.web.client.RestTemplate - HTTP GET http://localhost:9006/getCurrentLocation/df8a18a5-e9b0-4b0c-81b2-108dbd2c7a96
22:49:34.578 [pool-1-thread-1] DEBUG org.springframework.web.client.RestTemplate - Accept=[application/json, application/*+json]
22:49:34.588 [pool-2-thread-1] DEBUG org.springframework.web.client.RestTemplate - Response 200 OK
22:49:34.588 [pool-2-thread-1] DEBUG org.springframework.web.client.RestTemplate - Reading to [com.tourguide.app.model.VisitedLocation]
22:49:34.592 [pool-2-thread-1] DEBUG org.springframework.web.client.RestTemplate - HTTP GET http://localhost:9006/getCurrentLocation/25f4def3-3115-4324-8630-9bca3812db35
22:49:34.595 [pool-2-thread-1] DEBUG org.springframework.web.client.RestTemplate - Accept=[application/json, application/*+json]
22:49:34.608 [pool-1-thread-1] DEBUG org.springframework.web.client.RestTemplate - Response 200 OK
22:49:34.608 [pool-1-thread-1] DEBUG org.springframework.web.client.RestTemplate - Reading to [com.tourguide.app.model.VisitedLocation]
22:49:34.612 [pool-1-thread-1] DEBUG org.springframework.web.client.RestTemplate - HTTP GET http://localhost:9006/getCurrentLocation/b709ec36-fba1-4182-a577-94dbfa4c999e
22:49:34.614 [pool-1-thread-1] DEBUG org.springframework.web.client.RestTemplate - Accept=[application/json, application/*+json]
22:49:34.620 [pool-2-thread-1] DEBUG org.springframework.web.client.RestTemplate - Response 200 OK
22:49:34.621 [pool-2-thread-1] DEBUG org.springframework.web.client.RestTemplate - Reading to [com.tourguide.app.model.VisitedLocation]
22:49:34.626 [pool-2-thread-1] DEBUG org.springframework.web.client.RestTemplate - HTTP GET http://localhost:9006/getCurrentLocation/5d535ef2-30dd-44ac-931e-a2c174750ea1
22:49:34.628 [pool-2-thread-1] DEBUG org.springframework.web.client.RestTemplate - Accept=[application/json, application/*+json]
22:49:34.638 [pool-1-thread-1] DEBUG org.springframework.web.client.RestTemplate - Response 200 OK
22:49:34.639 [pool-1-thread-1] DEBUG org.springframework.web.client.RestTemplate - Reading to [com.tourguide.app.model.VisitedLocation]
22:49:34.642 [pool-1-thread-1] DEBUG org.springframework.web.client.RestTemplate - HTTP GET http://localhost:9006/getCurrentLocation/d9f621e5-7f13-4fc2-8e9e-a764defb5a40
22:49:34.644 [pool-2-thread-1] DEBUG org.springframework.web.client.RestTemplate - Response 200 OK
22:49:34.645 [pool-2-thread-1] DEBUG org.springframework.web.client.RestTemplate - Reading to [com.tourguide.app.model.VisitedLocation]
22:49:34.645 [pool-1-thread-1] DEBUG org.springframework.web.client.RestTemplate - Accept=[application/json, application/*+json]
22:49:34.648 [pool-2-thread-1] DEBUG org.springframework.web.client.RestTemplate - HTTP GET http://localhost:9006/getCurrentLocation/61cc738a-e477-4777-b487-2d0dea733941
22:49:34.650 [pool-2-thread-1] DEBUG org.springframework.web.client.RestTemplate - Accept=[application/json, application/*+json]
22:49:34.664 [pool-1-thread-1] DEBUG org.springframework.web.client.RestTemplate - Response 200 OK
22:49:34.665 [pool-2-thread-1] DEBUG org.springframework.web.client.RestTemplate - Response 200 OK
22:49:34.665 [pool-1-thread-1] DEBUG org.springframework.web.client.RestTemplate - Reading to [com.tourguide.app.model.VisitedLocation]
22:49:34.665 [pool-2-thread-1] DEBUG org.springframework.web.client.RestTemplate - Reading to [com.tourguide.app.model.VisitedLocation]
22:49:34.669 [pool-2-thread-1] DEBUG org.springframework.web.client.RestTemplate - HTTP GET http://localhost:9006/getCurrentLocation/c23820b1-57d8-4ef3-a884-5ce6c8de4a25
22:49:34.669 [pool-1-thread-1] DEBUG org.springframework.web.client.RestTemplate - HTTP GET http://localhost:9006/getCurrentLocation/876f0f48-f49e-47ed-8833-d3759cc6f9f4
22:49:34.671 [pool-2-thread-1] DEBUG org.springframework.web.client.RestTemplate - Accept=[application/json, application/*+json]
22:49:34.674 [pool-1-thread-1] DEBUG org.springframework.web.client.RestTemplate - Accept=[application/json, application/*+json]
22:49:34.684 [pool-1-thread-1] DEBUG org.springframework.web.client.RestTemplate - Response 200 OK
22:49:34.684 [pool-1-thread-1] DEBUG org.springframework.web.client.RestTemplate - Reading to [com.tourguide.app.model.VisitedLocation]
22:49:34.685 [pool-2-thread-1] DEBUG org.springframework.web.client.RestTemplate - Response 200 OK
22:49:34.685 [pool-2-thread-1] DEBUG org.springframework.web.client.RestTemplate - Reading to [com.tourguide.app.model.VisitedLocation]
22:49:34.688 [pool-2-thread-1] DEBUG org.springframework.web.client.RestTemplate - HTTP GET http://localhost:9006/getCurrentLocation/71cc13fb-94af-4d2f-8bef-5e60e39e1d5e
22:49:34.689 [pool-1-thread-1] DEBUG org.springframework.web.client.RestTemplate - HTTP GET http://localhost:9006/getCurrentLocation/5c63a382-7011-4ec1-bc07-776c67ef3833
22:49:34.690 [pool-2-thread-1] DEBUG org.springframework.web.client.RestTemplate - Accept=[application/json, application/*+json]
22:49:34.690 [pool-1-thread-1] DEBUG org.springframework.web.client.RestTemplate - Accept=[application/json, application/*+json]
22:49:34.704 [pool-2-thread-1] DEBUG org.springframework.web.client.RestTemplate - Response 200 OK
22:49:34.704 [pool-2-thread-1] DEBUG org.springframework.web.client.RestTemplate - Reading to [com.tourguide.app.model.VisitedLocation]
22:49:34.708 [pool-2-thread-1] DEBUG org.springframework.web.client.RestTemplate - HTTP GET http://localhost:9006/getCurrentLocation/01054f5f-aace-4db4-a361-afe4036fe0c1
22:49:34.708 [pool-1-thread-1] DEBUG org.springframework.web.client.RestTemplate - Response 200 OK
22:49:34.709 [pool-1-thread-1] DEBUG org.springframework.web.client.RestTemplate - Reading to [com.tourguide.app.model.VisitedLocation]
22:49:34.710 [pool-2-thread-1] DEBUG org.springframework.web.client.RestTemplate - Accept=[application/json, application/*+json]
22:49:34.713 [pool-1-thread-1] DEBUG org.springframework.web.client.RestTemplate - HTTP GET http://localhost:9006/getCurrentLocation/2c770506-e0c6-44ea-b2ab-6aad1ba59c89
22:49:34.715 [pool-1-thread-1] DEBUG org.springframework.web.client.RestTemplate - Accept=[application/json, application/*+json]
22:49:34.724 [pool-2-thread-1] DEBUG org.springframework.web.client.RestTemplate - Response 200 OK
22:49:34.724 [pool-1-thread-1] DEBUG org.springframework.web.client.RestTemplate - Response 200 OK
22:49:34.725 [pool-2-thread-1] DEBUG org.springframework.web.client.RestTemplate - Reading to [com.tourguide.app.model.VisitedLocation]
22:49:34.725 [pool-1-thread-1] DEBUG org.springframework.web.client.RestTemplate - Reading to [com.tourguide.app.model.VisitedLocation]
22:49:34.728 [pool-2-thread-1] DEBUG org.springframework.web.client.RestTemplate - HTTP GET http://localhost:9006/getCurrentLocation/404928eb-f4c3-4f01-ae59-936e6f8efcc9
22:49:34.729 [pool-2-thread-1] DEBUG org.springframework.web.client.RestTemplate - Accept=[application/json, application/*+json]
22:49:34.730 [pool-1-thread-1] DEBUG org.springframework.web.client.RestTemplate - HTTP GET http://localhost:9006/getCurrentLocation/8b9ef57f-1aa5-4ab5-8def-53719d6c528c
22:49:34.732 [pool-1-thread-1] DEBUG org.springframework.web.client.RestTemplate - Accept=[application/json, application/*+json]
22:49:34.742 [pool-1-thread-1] DEBUG org.springframework.web.client.RestTemplate - Response 200 OK
22:49:34.743 [pool-1-thread-1] DEBUG org.springframework.web.client.RestTemplate - Reading to [com.tourguide.app.model.VisitedLocation]
22:49:34.746 [pool-1-thread-1] DEBUG org.springframework.web.client.RestTemplate - HTTP GET http://localhost:9006/getCurrentLocation/625fbab7-15e6-4716-aff1-90648f9e0080
22:49:34.748 [pool-1-thread-1] DEBUG org.springframework.web.client.RestTemplate - Accept=[application/json, application/*+json]
22:49:34.758 [pool-1-thread-1] DEBUG org.springframework.web.client.RestTemplate - Response 200 OK
22:49:34.759 [pool-1-thread-1] DEBUG org.springframework.web.client.RestTemplate - Reading to [com.tourguide.app.model.VisitedLocation]
22:49:34.760 [pool-2-thread-1] DEBUG org.springframework.web.client.RestTemplate - Response 200 OK
22:49:34.760 [pool-2-thread-1] DEBUG org.springframework.web.client.RestTemplate - Reading to [com.tourguide.app.model.VisitedLocation]
22:49:34.763 [pool-1-thread-1] DEBUG org.springframework.web.client.RestTemplate - HTTP GET http://localhost:9006/getCurrentLocation/cad6e8fb-e7ad-473a-8029-d673c7b87afa
22:49:34.765 [pool-1-thread-1] DEBUG org.springframework.web.client.RestTemplate - Accept=[application/json, application/*+json]
22:49:34.765 [pool-2-thread-1] DEBUG org.springframework.web.client.RestTemplate - HTTP GET http://localhost:9006/getCurrentLocation/b71912b8-c27b-443e-b5f1-a25585993782
22:49:34.768 [pool-2-thread-1] DEBUG org.springframework.web.client.RestTemplate - Accept=[application/json, application/*+json]
22:49:34.785 [pool-1-thread-1] DEBUG org.springframework.web.client.RestTemplate - Response 200 OK
22:49:34.785 [pool-1-thread-1] DEBUG org.springframework.web.client.RestTemplate - Reading to [com.tourguide.app.model.VisitedLocation]
22:49:34.787 [pool-2-thread-1] DEBUG org.springframework.web.client.RestTemplate - Response 200 OK
22:49:34.788 [pool-2-thread-1] DEBUG org.springframework.web.client.RestTemplate - Reading to [com.tourguide.app.model.VisitedLocation]
22:49:34.790 [pool-1-thread-1] DEBUG org.springframework.web.client.RestTemplate - HTTP GET http://localhost:9006/getCurrentLocation/38d0d622-b5eb-40eb-b6f2-5693003ab367
22:49:34.791 [pool-2-thread-1] DEBUG org.springframework.web.client.RestTemplate - HTTP GET http://localhost:9006/getCurrentLocation/f010b923-bfdf-45ee-8c21-0564cb716b6a
22:49:34.791 [pool-1-thread-1] DEBUG org.springframework.web.client.RestTemplate - Accept=[application/json, application/*+json]
22:49:34.792 [pool-2-thread-1] DEBUG org.springframework.web.client.RestTemplate - Accept=[application/json, application/*+json]
22:49:34.811 [pool-1-thread-1] DEBUG org.springframework.web.client.RestTemplate - Response 200 OK
22:49:34.811 [pool-1-thread-1] DEBUG org.springframework.web.client.RestTemplate - Reading to [com.tourguide.app.model.VisitedLocation]
22:49:34.816 [pool-1-thread-1] DEBUG org.springframework.web.client.RestTemplate - HTTP GET http://localhost:9006/getCurrentLocation/143c130e-ebe8-47f3-935f-b9d611b736bd
22:49:34.817 [pool-1-thread-1] DEBUG org.springframework.web.client.RestTemplate - Accept=[application/json, application/*+json]
22:49:34.827 [pool-2-thread-1] DEBUG org.springframework.web.client.RestTemplate - Response 200 OK
22:49:34.827 [pool-2-thread-1] DEBUG org.springframework.web.client.RestTemplate - Reading to [com.tourguide.app.model.VisitedLocation]
22:49:34.831 [pool-2-thread-1] DEBUG org.springframework.web.client.RestTemplate - HTTP GET http://localhost:9006/getCurrentLocation/955a2882-517d-413a-b921-d6ece0d46fd2
22:49:34.832 [pool-1-thread-1] DEBUG org.springframework.web.client.RestTemplate - Response 200 OK
22:49:34.832 [pool-1-thread-1] DEBUG org.springframework.web.client.RestTemplate - Reading to [com.tourguide.app.model.VisitedLocation]
22:49:34.833 [pool-2-thread-1] DEBUG org.springframework.web.client.RestTemplate - Accept=[application/json, application/*+json]
22:49:34.837 [pool-1-thread-1] DEBUG org.springframework.web.client.RestTemplate - HTTP GET http://localhost:9006/getCurrentLocation/afa92136-7c92-43b1-84d0-82529b932ffe
22:49:34.839 [pool-1-thread-1] DEBUG org.springframework.web.client.RestTemplate - Accept=[application/json, application/*+json]
22:49:34.859 [pool-2-thread-1] DEBUG org.springframework.web.client.RestTemplate - Response 200 OK
22:49:34.859 [pool-2-thread-1] DEBUG org.springframework.web.client.RestTemplate - Reading to [com.tourguide.app.model.VisitedLocation]
22:49:34.861 [pool-1-thread-1] DEBUG org.springframework.web.client.RestTemplate - Response 200 OK
22:49:34.862 [pool-1-thread-1] DEBUG org.springframework.web.client.RestTemplate - Reading to [com.tourguide.app.model.VisitedLocation]
22:49:34.863 [pool-2-thread-1] DEBUG org.springframework.web.client.RestTemplate - HTTP GET http://localhost:9006/getCurrentLocation/9885a127-3348-45eb-9162-c28895ed58b8
22:49:34.864 [pool-2-thread-1] DEBUG org.springframework.web.client.RestTemplate - Accept=[application/json, application/*+json]
22:49:34.866 [pool-1-thread-1] DEBUG org.springframework.web.client.RestTemplate - HTTP GET http://localhost:9006/getCurrentLocation/ceb7132c-7a00-4d0a-bdae-9312678ab19b
22:49:34.868 [pool-1-thread-1] DEBUG org.springframework.web.client.RestTemplate - Accept=[application/json, application/*+json]
22:49:34.883 [pool-2-thread-1] DEBUG org.springframework.web.client.RestTemplate - Response 200 OK
22:49:34.884 [pool-2-thread-1] DEBUG org.springframework.web.client.RestTemplate - Reading to [com.tourguide.app.model.VisitedLocation]
22:49:34.885 [pool-1-thread-1] DEBUG org.springframework.web.client.RestTemplate - Response 200 OK
22:49:34.885 [pool-1-thread-1] DEBUG org.springframework.web.client.RestTemplate - Reading to [com.tourguide.app.model.VisitedLocation]
22:49:34.888 [pool-2-thread-1] DEBUG org.springframework.web.client.RestTemplate - HTTP GET http://localhost:9006/getCurrentLocation/36ccddf8-9215-4d0e-83dc-1247d058cc12
22:49:34.889 [pool-1-thread-1] DEBUG org.springframework.web.client.RestTemplate - HTTP GET http://localhost:9006/getCurrentLocation/c7433f65-08eb-43f6-b50f-5973efd44533
22:49:34.890 [pool-2-thread-1] DEBUG org.springframework.web.client.RestTemplate - Accept=[application/json, application/*+json]
22:49:34.890 [pool-1-thread-1] DEBUG org.springframework.web.client.RestTemplate - Accept=[application/json, application/*+json]
22:49:34.910 [pool-2-thread-1] DEBUG org.springframework.web.client.RestTemplate - Response 200 OK
22:49:34.910 [pool-1-thread-1] DEBUG org.springframework.web.client.RestTemplate - Response 200 OK
22:49:34.910 [pool-1-thread-1] DEBUG org.springframework.web.client.RestTemplate - Reading to [com.tourguide.app.model.VisitedLocation]
22:49:34.910 [pool-2-thread-1] DEBUG org.springframework.web.client.RestTemplate - Reading to [com.tourguide.app.model.VisitedLocation]
22:49:34.914 [pool-1-thread-1] DEBUG org.springframework.web.client.RestTemplate - HTTP GET http://localhost:9006/getCurrentLocation/980722ea-37ef-461c-a28f-110feb8f6372
22:49:34.914 [pool-2-thread-1] DEBUG org.springframework.web.client.RestTemplate - HTTP GET http://localhost:9006/getCurrentLocation/2f2e3763-d1ad-4fc7-bdad-145fffe210ba
22:49:34.916 [pool-2-thread-1] DEBUG org.springframework.web.client.RestTemplate - Accept=[application/json, application/*+json]
22:49:34.916 [pool-1-thread-1] DEBUG org.springframework.web.client.RestTemplate - Accept=[application/json, application/*+json]
22:49:34.930 [pool-1-thread-1] DEBUG org.springframework.web.client.RestTemplate - Response 200 OK
22:49:34.930 [pool-1-thread-1] DEBUG org.springframework.web.client.RestTemplate - Reading to [com.tourguide.app.model.VisitedLocation]
22:49:34.935 [pool-2-thread-1] DEBUG org.springframework.web.client.RestTemplate - Response 200 OK
22:49:34.936 [pool-2-thread-1] DEBUG org.springframework.web.client.RestTemplate - Reading to [com.tourguide.app.model.VisitedLocation]
22:49:34.936 [pool-1-thread-1] DEBUG org.springframework.web.client.RestTemplate - HTTP GET http://localhost:9006/getCurrentLocation/74042656-c507-4974-b8ca-6d8d4b81c0c6
22:49:34.938 [pool-1-thread-1] DEBUG org.springframework.web.client.RestTemplate - Accept=[application/json, application/*+json]
22:49:34.942 [pool-2-thread-1] DEBUG org.springframework.web.client.RestTemplate - HTTP GET http://localhost:9006/getCurrentLocation/9ac0b7ec-37f3-43f3-84a4-b6b792d2eae3
22:49:34.943 [pool-2-thread-1] DEBUG org.springframework.web.client.RestTemplate - Accept=[application/json, application/*+json]
22:49:34.955 [pool-2-thread-1] DEBUG org.springframework.web.client.RestTemplate - Response 200 OK
22:49:34.956 [pool-2-thread-1] DEBUG org.springframework.web.client.RestTemplate - Reading to [com.tourguide.app.model.VisitedLocation]
22:49:34.960 [pool-2-thread-1] DEBUG org.springframework.web.client.RestTemplate - HTTP GET http://localhost:9006/getCurrentLocation/08c35fb3-acf2-4c9c-ac4c-7d7018f5707f
22:49:34.962 [pool-1-thread-1] DEBUG org.springframework.web.client.RestTemplate - Response 200 OK
22:49:34.962 [pool-1-thread-1] DEBUG org.springframework.web.client.RestTemplate - Reading to [com.tourguide.app.model.VisitedLocation]
22:49:34.962 [pool-2-thread-1] DEBUG org.springframework.web.client.RestTemplate - Accept=[application/json, application/*+json]
22:49:34.966 [pool-1-thread-1] DEBUG org.springframework.web.client.RestTemplate - HTTP GET http://localhost:9006/getCurrentLocation/05e5aab4-1c56-4246-86b7-39122f0abb99
22:49:34.967 [pool-1-thread-1] DEBUG org.springframework.web.client.RestTemplate - Accept=[application/json, application/*+json]
22:49:34.992 [pool-1-thread-1] DEBUG org.springframework.web.client.RestTemplate - Response 200 OK
22:49:34.992 [pool-1-thread-1] DEBUG org.springframework.web.client.RestTemplate - Reading to [com.tourguide.app.model.VisitedLocation]
22:49:34.992 [pool-2-thread-1] DEBUG org.springframework.web.client.RestTemplate - Response 200 OK
22:49:34.994 [pool-2-thread-1] DEBUG org.springframework.web.client.RestTemplate - Reading to [com.tourguide.app.model.VisitedLocation]
22:49:34.995 [pool-1-thread-1] DEBUG org.springframework.web.client.RestTemplate - HTTP GET http://localhost:9006/getCurrentLocation/0e21d82a-16e8-48ea-b593-70ec2846eaf1
22:49:34.996 [pool-2-thread-1] DEBUG org.springframework.web.client.RestTemplate - HTTP GET http://localhost:9006/getCurrentLocation/4076cb89-47cf-48aa-9a02-3eebe849daae
22:49:34.997 [pool-1-thread-1] DEBUG org.springframework.web.client.RestTemplate - Accept=[application/json, application/*+json]
22:49:34.998 [pool-2-thread-1] DEBUG org.springframework.web.client.RestTemplate - Accept=[application/json, application/*+json]
22:49:35.005 [pool-1-thread-1] DEBUG org.springframework.web.client.RestTemplate - Response 200 OK
22:49:35.006 [pool-1-thread-1] DEBUG org.springframework.web.client.RestTemplate - Reading to [com.tourguide.app.model.VisitedLocation]
22:49:35.006 [pool-2-thread-1] DEBUG org.springframework.web.client.RestTemplate - Response 200 OK
22:49:35.007 [pool-2-thread-1] DEBUG org.springframework.web.client.RestTemplate - Reading to [com.tourguide.app.model.VisitedLocation]
22:49:35.009 [pool-2-thread-1] DEBUG org.springframework.web.client.RestTemplate - HTTP GET http://localhost:9006/getCurrentLocation/4df13b8d-1942-42f2-aa9b-43fc88878e74
22:49:35.009 [pool-1-thread-1] DEBUG org.springframework.web.client.RestTemplate - HTTP GET http://localhost:9006/getCurrentLocation/351ddffb-2c64-4d7b-92d3-2c38b2d03020
22:49:35.010 [pool-1-thread-1] DEBUG org.springframework.web.client.RestTemplate - Accept=[application/json, application/*+json]
22:49:35.010 [pool-2-thread-1] DEBUG org.springframework.web.client.RestTemplate - Accept=[application/json, application/*+json]
22:49:35.017 [pool-1-thread-1] DEBUG org.springframework.web.client.RestTemplate - Response 200 OK
22:49:35.018 [pool-1-thread-1] DEBUG org.springframework.web.client.RestTemplate - Reading to [com.tourguide.app.model.VisitedLocation]
22:49:35.017 [pool-2-thread-1] DEBUG org.springframework.web.client.RestTemplate - Response 200 OK
22:49:35.018 [pool-2-thread-1] DEBUG org.springframework.web.client.RestTemplate - Reading to [com.tourguide.app.model.VisitedLocation]
22:49:35.023 [pool-2-thread-1] DEBUG org.springframework.web.client.RestTemplate - HTTP GET http://localhost:9006/getCurrentLocation/b72176bf-f03d-48c4-aab1-89ab0973a38e
22:49:35.023 [pool-1-thread-1] DEBUG org.springframework.web.client.RestTemplate - HTTP GET http://localhost:9006/getCurrentLocation/dd8c4f91-fd6f-40eb-b327-9ebe100bb99c
22:49:35.024 [pool-2-thread-1] DEBUG org.springframework.web.client.RestTemplate - Accept=[application/json, application/*+json]
22:49:35.025 [pool-1-thread-1] DEBUG org.springframework.web.client.RestTemplate - Accept=[application/json, application/*+json]
22:49:35.033 [pool-1-thread-1] DEBUG org.springframework.web.client.RestTemplate - Response 200 OK
22:49:35.033 [pool-2-thread-1] DEBUG org.springframework.web.client.RestTemplate - Response 200 OK
22:49:35.034 [pool-1-thread-1] DEBUG org.springframework.web.client.RestTemplate - Reading to [com.tourguide.app.model.VisitedLocation]
22:49:35.034 [pool-2-thread-1] DEBUG org.springframework.web.client.RestTemplate - Reading to [com.tourguide.app.model.VisitedLocation]
22:49:35.038 [pool-1-thread-1] DEBUG org.springframework.web.client.RestTemplate - HTTP GET http://localhost:9006/getCurrentLocation/69523ad9-185a-4e81-91c6-a6507074d66e
22:49:35.039 [pool-1-thread-1] DEBUG org.springframework.web.client.RestTemplate - Accept=[application/json, application/*+json]
22:49:35.038 [pool-2-thread-1] DEBUG org.springframework.web.client.RestTemplate - HTTP GET http://localhost:9006/getCurrentLocation/e2c19c73-6f1b-4188-ab00-2c366937b67f
22:49:35.041 [pool-2-thread-1] DEBUG org.springframework.web.client.RestTemplate - Accept=[application/json, application/*+json]
22:49:35.052 [pool-2-thread-1] DEBUG org.springframework.web.client.RestTemplate - Response 200 OK
22:49:35.053 [pool-2-thread-1] DEBUG org.springframework.web.client.RestTemplate - Reading to [com.tourguide.app.model.VisitedLocation]
22:49:35.053 [pool-1-thread-1] DEBUG org.springframework.web.client.RestTemplate - Response 200 OK
22:49:35.053 [pool-1-thread-1] DEBUG org.springframework.web.client.RestTemplate - Reading to [com.tourguide.app.model.VisitedLocation]
22:49:35.057 [pool-2-thread-1] DEBUG org.springframework.web.client.RestTemplate - HTTP GET http://localhost:9006/getCurrentLocation/0ecb1f90-afe9-4ce0-afc7-a45a03518b20
22:49:35.058 [pool-1-thread-1] DEBUG org.springframework.web.client.RestTemplate - HTTP GET http://localhost:9006/getCurrentLocation/34ea4b0b-5c0a-4990-b0d5-1f5f53c9e805
22:49:35.058 [pool-2-thread-1] DEBUG org.springframework.web.client.RestTemplate - Accept=[application/json, application/*+json]
22:49:35.060 [pool-1-thread-1] DEBUG org.springframework.web.client.RestTemplate - Accept=[application/json, application/*+json]
22:49:35.072 [pool-2-thread-1] DEBUG org.springframework.web.client.RestTemplate - Response 200 OK
22:49:35.075 [pool-2-thread-1] DEBUG org.springframework.web.client.RestTemplate - Reading to [com.tourguide.app.model.VisitedLocation]
22:49:35.079 [pool-1-thread-1] DEBUG org.springframework.web.client.RestTemplate - Response 200 OK
22:49:35.079 [pool-1-thread-1] DEBUG org.springframework.web.client.RestTemplate - Reading to [com.tourguide.app.model.VisitedLocation]
22:49:35.079 [pool-2-thread-1] DEBUG org.springframework.web.client.RestTemplate - HTTP GET http://localhost:9006/getCurrentLocation/9d535720-a560-45dc-9d78-52f3015814eb
22:49:35.081 [pool-2-thread-1] DEBUG org.springframework.web.client.RestTemplate - Accept=[application/json, application/*+json]
22:49:35.083 [pool-1-thread-1] DEBUG org.springframework.web.client.RestTemplate - HTTP GET http://localhost:9006/getCurrentLocation/e8291bc1-0717-4ec4-999d-68d5a216f28e
22:49:35.085 [pool-1-thread-1] DEBUG org.springframework.web.client.RestTemplate - Accept=[application/json, application/*+json]
22:49:35.098 [pool-2-thread-1] DEBUG org.springframework.web.client.RestTemplate - Response 200 OK
22:49:35.098 [pool-2-thread-1] DEBUG org.springframework.web.client.RestTemplate - Reading to [com.tourguide.app.model.VisitedLocation]
22:49:35.102 [pool-2-thread-1] DEBUG org.springframework.web.client.RestTemplate - HTTP GET http://localhost:9006/getCurrentLocation/bf635ef5-aa6a-4c86-8e03-b96d1a90eea3
22:49:35.103 [pool-2-thread-1] DEBUG org.springframework.web.client.RestTemplate - Accept=[application/json, application/*+json]
22:49:35.110 [pool-1-thread-1] DEBUG org.springframework.web.client.RestTemplate - Response 200 OK
22:49:35.110 [pool-2-thread-1] DEBUG org.springframework.web.client.RestTemplate - Response 200 OK
22:49:35.110 [pool-1-thread-1] DEBUG org.springframework.web.client.RestTemplate - Reading to [com.tourguide.app.model.VisitedLocation]
22:49:35.110 [pool-2-thread-1] DEBUG org.springframework.web.client.RestTemplate - Reading to [com.tourguide.app.model.VisitedLocation]
22:49:35.113 [pool-1-thread-1] DEBUG org.springframework.web.client.RestTemplate - HTTP GET http://localhost:9006/getCurrentLocation/09899fd7-76bf-4e31-be72-0c9388a10fc2
22:49:35.113 [pool-2-thread-1] DEBUG org.springframework.web.client.RestTemplate - HTTP GET http://localhost:9006/getCurrentLocation/7d1e8de3-229b-4e6b-a74b-c38ae06bebe3
22:49:35.115 [pool-1-thread-1] DEBUG org.springframework.web.client.RestTemplate - Accept=[application/json, application/*+json]
22:49:35.115 [pool-2-thread-1] DEBUG org.springframework.web.client.RestTemplate - Accept=[application/json, application/*+json]
22:49:35.129 [pool-1-thread-1] DEBUG org.springframework.web.client.RestTemplate - Response 200 OK
22:49:35.130 [pool-1-thread-1] DEBUG org.springframework.web.client.RestTemplate - Reading to [com.tourguide.app.model.VisitedLocation]
22:49:35.132 [pool-2-thread-1] DEBUG org.springframework.web.client.RestTemplate - Response 200 OK
22:49:35.132 [pool-2-thread-1] DEBUG org.springframework.web.client.RestTemplate - Reading to [com.tourguide.app.model.VisitedLocation]
22:49:35.134 [pool-1-thread-1] DEBUG org.springframework.web.client.RestTemplate - HTTP GET http://localhost:9006/getCurrentLocation/0de3d1d3-b355-4e99-9b17-f2dea2ea6841
22:49:35.135 [pool-1-thread-1] DEBUG org.springframework.web.client.RestTemplate - Accept=[application/json, application/*+json]
22:49:35.135 [pool-2-thread-1] DEBUG org.springframework.web.client.RestTemplate - HTTP GET http://localhost:9006/getCurrentLocation/e31653a2-861b-4101-bb54-d56942b7baf5
22:49:35.142 [pool-2-thread-1] DEBUG org.springframework.web.client.RestTemplate - Accept=[application/json, application/*+json]
22:49:35.151 [pool-1-thread-1] DEBUG org.springframework.web.client.RestTemplate - Response 200 OK
22:49:35.153 [pool-1-thread-1] DEBUG org.springframework.web.client.RestTemplate - Reading to [com.tourguide.app.model.VisitedLocation]
22:49:35.156 [pool-1-thread-1] DEBUG org.springframework.web.client.RestTemplate - HTTP GET http://localhost:9006/getCurrentLocation/173e5281-49af-41ef-8179-f212964d95bc
22:49:35.158 [pool-1-thread-1] DEBUG org.springframework.web.client.RestTemplate - Accept=[application/json, application/*+json]
22:49:35.164 [pool-2-thread-1] DEBUG org.springframework.web.client.RestTemplate - Response 200 OK
22:49:35.164 [pool-2-thread-1] DEBUG org.springframework.web.client.RestTemplate - Reading to [com.tourguide.app.model.VisitedLocation]
22:49:35.168 [pool-2-thread-1] DEBUG org.springframework.web.client.RestTemplate - HTTP GET http://localhost:9006/getCurrentLocation/4752bede-6739-4e48-b982-095f1d9b3e31
22:49:35.169 [pool-2-thread-1] DEBUG org.springframework.web.client.RestTemplate - Accept=[application/json, application/*+json]
22:49:35.183 [pool-1-thread-1] DEBUG org.springframework.web.client.RestTemplate - Response 200 OK
22:49:35.183 [pool-1-thread-1] DEBUG org.springframework.web.client.RestTemplate - Reading to [com.tourguide.app.model.VisitedLocation]
22:49:35.187 [pool-1-thread-1] DEBUG org.springframework.web.client.RestTemplate - HTTP GET http://localhost:9006/getCurrentLocation/1a6c49d4-d52a-4c8a-aa25-0f832e21c090
22:49:35.188 [pool-1-thread-1] DEBUG org.springframework.web.client.RestTemplate - Accept=[application/json, application/*+json]
22:49:35.206 [pool-1-thread-1] DEBUG org.springframework.web.client.RestTemplate - Response 200 OK
22:49:35.206 [pool-1-thread-1] DEBUG org.springframework.web.client.RestTemplate - Reading to [com.tourguide.app.model.VisitedLocation]
22:49:35.209 [pool-1-thread-1] DEBUG org.springframework.web.client.RestTemplate - HTTP GET http://localhost:9006/getCurrentLocation/485a812d-e1b0-4434-92ef-8c22336b5c12
22:49:35.211 [pool-1-thread-1] DEBUG org.springframework.web.client.RestTemplate - Accept=[application/json, application/*+json]
22:49:35.214 [pool-2-thread-1] DEBUG org.springframework.web.client.RestTemplate - Response 200 OK
22:49:35.214 [pool-2-thread-1] DEBUG org.springframework.web.client.RestTemplate - Reading to [com.tourguide.app.model.VisitedLocation]
22:49:35.217 [pool-2-thread-1] DEBUG org.springframework.web.client.RestTemplate - HTTP GET http://localhost:9006/getCurrentLocation/10d1cb4c-04d8-494a-9936-df9ac8d60ae7
22:49:35.219 [pool-2-thread-1] DEBUG org.springframework.web.client.RestTemplate - Accept=[application/json, application/*+json]
22:49:35.231 [pool-1-thread-1] DEBUG org.springframework.web.client.RestTemplate - Response 200 OK
22:49:35.232 [pool-1-thread-1] DEBUG org.springframework.web.client.RestTemplate - Reading to [com.tourguide.app.model.VisitedLocation]
22:49:35.235 [pool-1-thread-1] DEBUG org.springframework.web.client.RestTemplate - HTTP GET http://localhost:9006/getCurrentLocation/0edaff95-5a6d-4306-ab30-87895b7ced70
22:49:35.236 [pool-1-thread-1] DEBUG org.springframework.web.client.RestTemplate - Accept=[application/json, application/*+json]
22:49:35.245 [pool-2-thread-1] DEBUG org.springframework.web.client.RestTemplate - Response 200 OK
22:49:35.245 [pool-2-thread-1] DEBUG org.springframework.web.client.RestTemplate - Reading to [com.tourguide.app.model.VisitedLocation]
22:49:35.247 [pool-1-thread-1] DEBUG org.springframework.web.client.RestTemplate - Response 200 OK
22:49:35.247 [pool-1-thread-1] DEBUG org.springframework.web.client.RestTemplate - Reading to [com.tourguide.app.model.VisitedLocation]
22:49:35.249 [pool-2-thread-1] DEBUG org.springframework.web.client.RestTemplate - HTTP GET http://localhost:9006/getCurrentLocation/4fa4b31a-3232-45d6-8b9c-d15cc9293245
22:49:35.250 [pool-1-thread-1] DEBUG org.springframework.web.client.RestTemplate - HTTP GET http://localhost:9006/getCurrentLocation/be9ae773-faf7-4564-9f0a-bfe0fc8217ad
22:49:35.250 [pool-2-thread-1] DEBUG org.springframework.web.client.RestTemplate - Accept=[application/json, application/*+json]
22:49:35.253 [pool-1-thread-1] DEBUG org.springframework.web.client.RestTemplate - Accept=[application/json, application/*+json]
22:49:35.264 [pool-2-thread-1] DEBUG org.springframework.web.client.RestTemplate - Response 200 OK
22:49:35.264 [pool-2-thread-1] DEBUG org.springframework.web.client.RestTemplate - Reading to [com.tourguide.app.model.VisitedLocation]
22:49:35.268 [pool-2-thread-1] DEBUG org.springframework.web.client.RestTemplate - HTTP GET http://localhost:9006/getCurrentLocation/21289f2d-10a7-4a07-ad45-c5bcb99b0cac
22:49:35.270 [pool-2-thread-1] DEBUG org.springframework.web.client.RestTemplate - Accept=[application/json, application/*+json]
22:49:35.275 [pool-1-thread-1] DEBUG org.springframework.web.client.RestTemplate - Response 200 OK
22:49:35.276 [pool-1-thread-1] DEBUG org.springframework.web.client.RestTemplate - Reading to [com.tourguide.app.model.VisitedLocation]
22:49:35.280 [pool-1-thread-1] DEBUG org.springframework.web.client.RestTemplate - HTTP GET http://localhost:9006/getCurrentLocation/e8297c80-665b-4921-ba11-c7de5e14259e
22:49:35.282 [pool-1-thread-1] DEBUG org.springframework.web.client.RestTemplate - Accept=[application/json, application/*+json]
22:49:35.292 [pool-1-thread-1] DEBUG org.springframework.web.client.RestTemplate - Response 200 OK
22:49:35.293 [pool-1-thread-1] DEBUG org.springframework.web.client.RestTemplate - Reading to [com.tourguide.app.model.VisitedLocation]
22:49:35.293 [pool-2-thread-1] DEBUG org.springframework.web.client.RestTemplate - Response 200 OK
22:49:35.293 [pool-2-thread-1] DEBUG org.springframework.web.client.RestTemplate - Reading to [com.tourguide.app.model.VisitedLocation]
22:49:35.296 [pool-2-thread-1] DEBUG org.springframework.web.client.RestTemplate - HTTP GET http://localhost:9006/getCurrentLocation/6ef1674e-6cf4-48c0-9bd0-c6b53646a403
22:49:35.296 [pool-1-thread-1] DEBUG org.springframework.web.client.RestTemplate - HTTP GET http://localhost:9006/getCurrentLocation/9b2b9d81-8ab5-4f0f-b2ed-928effcdf70c
22:49:35.297 [pool-2-thread-1] DEBUG org.springframework.web.client.RestTemplate - Accept=[application/json, application/*+json]
22:49:35.297 [pool-1-thread-1] DEBUG org.springframework.web.client.RestTemplate - Accept=[application/json, application/*+json]
22:49:35.309 [pool-1-thread-1] DEBUG org.springframework.web.client.RestTemplate - Response 200 OK
22:49:35.309 [pool-1-thread-1] DEBUG org.springframework.web.client.RestTemplate - Reading to [com.tourguide.app.model.VisitedLocation]
22:49:35.312 [pool-2-thread-1] DEBUG org.springframework.web.client.RestTemplate - Response 200 OK
22:49:35.312 [pool-2-thread-1] DEBUG org.springframework.web.client.RestTemplate - Reading to [com.tourguide.app.model.VisitedLocation]
22:49:35.312 [pool-1-thread-1] DEBUG org.springframework.web.client.RestTemplate - HTTP GET http://localhost:9006/getCurrentLocation/5ac86eba-79d8-4da0-a0f5-6e74e3c9754c
22:49:35.314 [pool-1-thread-1] DEBUG org.springframework.web.client.RestTemplate - Accept=[application/json, application/*+json]
22:49:35.315 [pool-2-thread-1] DEBUG org.springframework.web.client.RestTemplate - HTTP GET http://localhost:9006/getCurrentLocation/c9dc5be5-83ca-4d4f-b661-c36123d0fe28
22:49:35.317 [pool-2-thread-1] DEBUG org.springframework.web.client.RestTemplate - Accept=[application/json, application/*+json]
22:49:35.327 [pool-2-thread-1] DEBUG org.springframework.web.client.RestTemplate - Response 200 OK
22:49:35.328 [pool-2-thread-1] DEBUG org.springframework.web.client.RestTemplate - Reading to [com.tourguide.app.model.VisitedLocation]
22:49:35.331 [pool-2-thread-1] DEBUG org.springframework.web.client.RestTemplate - HTTP GET http://localhost:9006/getCurrentLocation/971f82f5-a7eb-47d7-91a0-78a0e8096605
22:49:35.333 [pool-2-thread-1] DEBUG org.springframework.web.client.RestTemplate - Accept=[application/json, application/*+json]
22:49:35.335 [pool-1-thread-1] DEBUG org.springframework.web.client.RestTemplate - Response 200 OK
22:49:35.336 [pool-1-thread-1] DEBUG org.springframework.web.client.RestTemplate - Reading to [com.tourguide.app.model.VisitedLocation]
22:49:35.339 [pool-1-thread-1] DEBUG org.springframework.web.client.RestTemplate - HTTP GET http://localhost:9006/getCurrentLocation/fa2982bf-8f14-4c73-a8a8-5373c5c5afea
22:49:35.341 [pool-1-thread-1] DEBUG org.springframework.web.client.RestTemplate - Accept=[application/json, application/*+json]
22:49:35.343 [pool-2-thread-1] DEBUG org.springframework.web.client.RestTemplate - Response 200 OK
22:49:35.344 [pool-2-thread-1] DEBUG org.springframework.web.client.RestTemplate - Reading to [com.tourguide.app.model.VisitedLocation]
22:49:35.348 [pool-2-thread-1] DEBUG org.springframework.web.client.RestTemplate - HTTP GET http://localhost:9006/getCurrentLocation/cd7ed825-3bc8-4052-afa9-ac36a6040e88
22:49:35.348 [pool-1-thread-1] DEBUG org.springframework.web.client.RestTemplate - Response 200 OK
22:49:35.349 [pool-1-thread-1] DEBUG org.springframework.web.client.RestTemplate - Reading to [com.tourguide.app.model.VisitedLocation]
22:49:35.349 [pool-2-thread-1] DEBUG org.springframework.web.client.RestTemplate - Accept=[application/json, application/*+json]
22:49:35.353 [pool-1-thread-1] DEBUG org.springframework.web.client.RestTemplate - HTTP GET http://localhost:9006/getCurrentLocation/a86aedae-d009-49b4-8db4-b5bc81b5cc61
22:49:35.355 [pool-1-thread-1] DEBUG org.springframework.web.client.RestTemplate - Accept=[application/json, application/*+json]
22:49:35.366 [pool-2-thread-1] DEBUG org.springframework.web.client.RestTemplate - Response 200 OK
22:49:35.366 [pool-2-thread-1] DEBUG org.springframework.web.client.RestTemplate - Reading to [com.tourguide.app.model.VisitedLocation]
22:49:35.370 [pool-2-thread-1] DEBUG org.springframework.web.client.RestTemplate - HTTP GET http://localhost:9006/getCurrentLocation/9754f60d-67cf-422e-969a-2a794499b1c9
22:49:35.373 [pool-2-thread-1] DEBUG org.springframework.web.client.RestTemplate - Accept=[application/json, application/*+json]
22:49:35.384 [pool-2-thread-1] DEBUG org.springframework.web.client.RestTemplate - Response 200 OK
22:49:35.385 [pool-2-thread-1] DEBUG org.springframework.web.client.RestTemplate - Reading to [com.tourguide.app.model.VisitedLocation]
22:49:35.390 [pool-1-thread-1] DEBUG org.springframework.web.client.RestTemplate - Response 200 OK
22:49:35.391 [pool-2-thread-1] DEBUG org.springframework.web.client.RestTemplate - HTTP GET http://localhost:9006/getCurrentLocation/78041fc7-9aef-44b9-a529-6839b3cddd20
22:49:35.391 [pool-1-thread-1] DEBUG org.springframework.web.client.RestTemplate - Reading to [com.tourguide.app.model.VisitedLocation]
22:49:35.392 [pool-2-thread-1] DEBUG org.springframework.web.client.RestTemplate - Accept=[application/json, application/*+json]
22:49:35.394 [pool-1-thread-1] DEBUG org.springframework.web.client.RestTemplate - HTTP GET http://localhost:9006/getCurrentLocation/393a0f01-2524-467c-922d-d1f58cb17dde
22:49:35.396 [pool-1-thread-1] DEBUG org.springframework.web.client.RestTemplate - Accept=[application/json, application/*+json]
22:49:35.404 [pool-2-thread-1] DEBUG org.springframework.web.client.RestTemplate - Response 200 OK
22:49:35.404 [pool-2-thread-1] DEBUG org.springframework.web.client.RestTemplate - Reading to [com.tourguide.app.model.VisitedLocation]
22:49:35.404 [pool-1-thread-1] DEBUG org.springframework.web.client.RestTemplate - Response 200 OK
22:49:35.405 [pool-1-thread-1] DEBUG org.springframework.web.client.RestTemplate - Reading to [com.tourguide.app.model.VisitedLocation]
22:49:35.409 [pool-2-thread-1] DEBUG org.springframework.web.client.RestTemplate - HTTP GET http://localhost:9006/getCurrentLocation/a57cbded-ffa5-4152-8d66-1268bbe4f22d
22:49:35.410 [pool-1-thread-1] DEBUG org.springframework.web.client.RestTemplate - HTTP GET http://localhost:9006/getCurrentLocation/88cabd8c-5083-459e-8303-2e4f6a9dc709
22:49:35.411 [pool-2-thread-1] DEBUG org.springframework.web.client.RestTemplate - Accept=[application/json, application/*+json]
22:49:35.411 [pool-1-thread-1] DEBUG org.springframework.web.client.RestTemplate - Accept=[application/json, application/*+json]
22:49:35.419 [pool-1-thread-1] DEBUG org.springframework.web.client.RestTemplate - Response 200 OK
22:49:35.419 [pool-1-thread-1] DEBUG org.springframework.web.client.RestTemplate - Reading to [com.tourguide.app.model.VisitedLocation]
22:49:35.423 [pool-1-thread-1] DEBUG org.springframework.web.client.RestTemplate - HTTP GET http://localhost:9006/getCurrentLocation/5857d20f-94b4-4a06-af5b-4db9285f1bfb
22:49:35.425 [pool-2-thread-1] DEBUG org.springframework.web.client.RestTemplate - Response 200 OK
22:49:35.425 [pool-2-thread-1] DEBUG org.springframework.web.client.RestTemplate - Reading to [com.tourguide.app.model.VisitedLocation]
22:49:35.425 [pool-1-thread-1] DEBUG org.springframework.web.client.RestTemplate - Accept=[application/json, application/*+json]
22:49:35.428 [pool-2-thread-1] DEBUG org.springframework.web.client.RestTemplate - HTTP GET http://localhost:9006/getCurrentLocation/592b16e7-f258-4468-9f0d-ac75a1051403
22:49:35.430 [pool-2-thread-1] DEBUG org.springframework.web.client.RestTemplate - Accept=[application/json, application/*+json]
22:49:35.439 [pool-2-thread-1] DEBUG org.springframework.web.client.RestTemplate - Response 200 OK
22:49:35.440 [pool-2-thread-1] DEBUG org.springframework.web.client.RestTemplate - Reading to [com.tourguide.app.model.VisitedLocation]
22:49:35.442 [pool-1-thread-1] DEBUG org.springframework.web.client.RestTemplate - Response 200 OK
22:49:35.442 [pool-1-thread-1] DEBUG org.springframework.web.client.RestTemplate - Reading to [com.tourguide.app.model.VisitedLocation]
22:49:35.444 [pool-2-thread-1] DEBUG org.springframework.web.client.RestTemplate - HTTP GET http://localhost:9006/getCurrentLocation/2ce54816-b3f5-4b35-85c3-1b8da219f0b5
22:49:35.445 [pool-2-thread-1] DEBUG org.springframework.web.client.RestTemplate - Accept=[application/json, application/*+json]
22:49:35.445 [pool-1-thread-1] DEBUG org.springframework.web.client.RestTemplate - HTTP GET http://localhost:9006/getCurrentLocation/b3b69058-beb4-499a-8a8f-767098d2ce41
22:49:35.447 [pool-1-thread-1] DEBUG org.springframework.web.client.RestTemplate - Accept=[application/json, application/*+json]
22:49:35.460 [pool-2-thread-1] DEBUG org.springframework.web.client.RestTemplate - Response 200 OK
22:49:35.461 [pool-2-thread-1] DEBUG org.springframework.web.client.RestTemplate - Reading to [com.tourguide.app.model.VisitedLocation]
22:49:35.463 [pool-1-thread-1] DEBUG org.springframework.web.client.RestTemplate - Response 200 OK
22:49:35.464 [pool-1-thread-1] DEBUG org.springframework.web.client.RestTemplate - Reading to [com.tourguide.app.model.VisitedLocation]
22:49:35.464 [pool-2-thread-1] DEBUG org.springframework.web.client.RestTemplate - HTTP GET http://localhost:9006/getCurrentLocation/f13c29ac-88b0-4bde-b153-e57a30b5c2b3
22:49:35.466 [pool-2-thread-1] DEBUG org.springframework.web.client.RestTemplate - Accept=[application/json, application/*+json]
22:49:35.470 [pool-1-thread-1] DEBUG org.springframework.web.client.RestTemplate - HTTP GET http://localhost:9006/getCurrentLocation/0e8aa25e-f9ef-40c1-bbb8-d994baa337ca
22:49:35.471 [pool-1-thread-1] DEBUG org.springframework.web.client.RestTemplate - Accept=[application/json, application/*+json]
22:49:35.485 [pool-1-thread-1] DEBUG org.springframework.web.client.RestTemplate - Response 200 OK
22:49:35.485 [pool-1-thread-1] DEBUG org.springframework.web.client.RestTemplate - Reading to [com.tourguide.app.model.VisitedLocation]
22:49:35.489 [pool-1-thread-1] DEBUG org.springframework.web.client.RestTemplate - HTTP GET http://localhost:9006/getCurrentLocation/7ae8adb7-194a-498c-8d75-d1180a1271c5
22:49:35.491 [pool-2-thread-1] DEBUG org.springframework.web.client.RestTemplate - Response 200 OK
22:49:35.491 [pool-1-thread-1] DEBUG org.springframework.web.client.RestTemplate - Accept=[application/json, application/*+json]
22:49:35.491 [pool-2-thread-1] DEBUG org.springframework.web.client.RestTemplate - Reading to [com.tourguide.app.model.VisitedLocation]
22:49:35.494 [pool-2-thread-1] DEBUG org.springframework.web.client.RestTemplate - HTTP GET http://localhost:9006/getCurrentLocation/3b2f771e-6797-47d8-ae96-10123b197184
22:49:35.496 [pool-2-thread-1] DEBUG org.springframework.web.client.RestTemplate - Accept=[application/json, application/*+json]
22:49:35.504 [pool-2-thread-1] DEBUG org.springframework.web.client.RestTemplate - Response 200 OK
22:49:35.504 [pool-1-thread-1] DEBUG org.springframework.web.client.RestTemplate - Response 200 OK
22:49:35.504 [pool-2-thread-1] DEBUG org.springframework.web.client.RestTemplate - Reading to [com.tourguide.app.model.VisitedLocation]
22:49:35.504 [pool-1-thread-1] DEBUG org.springframework.web.client.RestTemplate - Reading to [com.tourguide.app.model.VisitedLocation]
22:49:35.507 [pool-2-thread-1] DEBUG org.springframework.web.client.RestTemplate - HTTP GET http://localhost:9006/getCurrentLocation/0a546ab9-837f-42dc-9391-3f468cbe35e7
22:49:35.508 [pool-1-thread-1] DEBUG org.springframework.web.client.RestTemplate - HTTP GET http://localhost:9006/getCurrentLocation/f7260753-8d82-4b6f-9971-51826137977d
22:49:35.508 [pool-2-thread-1] DEBUG org.springframework.web.client.RestTemplate - Accept=[application/json, application/*+json]
22:49:35.510 [pool-1-thread-1] DEBUG org.springframework.web.client.RestTemplate - Accept=[application/json, application/*+json]
22:49:35.519 [pool-2-thread-1] DEBUG org.springframework.web.client.RestTemplate - Response 200 OK
22:49:35.520 [pool-2-thread-1] DEBUG org.springframework.web.client.RestTemplate - Reading to [com.tourguide.app.model.VisitedLocation]
22:49:35.524 [pool-2-thread-1] DEBUG org.springframework.web.client.RestTemplate - HTTP GET http://localhost:9006/getCurrentLocation/4fcdefc3-a1a9-405d-a3e0-cafcf758537a
22:49:35.525 [pool-2-thread-1] DEBUG org.springframework.web.client.RestTemplate - Accept=[application/json, application/*+json]
22:49:35.529 [pool-1-thread-1] DEBUG org.springframework.web.client.RestTemplate - Response 200 OK
22:49:35.529 [pool-1-thread-1] DEBUG org.springframework.web.client.RestTemplate - Reading to [com.tourguide.app.model.VisitedLocation]
22:49:35.532 [pool-1-thread-1] DEBUG org.springframework.web.client.RestTemplate - HTTP GET http://localhost:9006/getCurrentLocation/53168adb-132e-4bcd-8621-b8f6fcd1e35f
22:49:35.534 [pool-1-thread-1] DEBUG org.springframework.web.client.RestTemplate - Accept=[application/json, application/*+json]
22:49:35.545 [pool-1-thread-1] DEBUG org.springframework.web.client.RestTemplate - Response 200 OK
22:49:35.545 [pool-2-thread-1] DEBUG org.springframework.web.client.RestTemplate - Response 200 OK
22:49:35.546 [pool-1-thread-1] DEBUG org.springframework.web.client.RestTemplate - Reading to [com.tourguide.app.model.VisitedLocation]
22:49:35.546 [pool-2-thread-1] DEBUG org.springframework.web.client.RestTemplate - Reading to [com.tourguide.app.model.VisitedLocation]
22:49:35.550 [pool-1-thread-1] DEBUG org.springframework.web.client.RestTemplate - HTTP GET http://localhost:9006/getCurrentLocation/6941607d-c0f8-425a-836d-33c7655790ae
22:49:35.550 [pool-2-thread-1] DEBUG org.springframework.web.client.RestTemplate - HTTP GET http://localhost:9006/getCurrentLocation/d5f6e540-0808-4e4f-b3c5-43db0e53ba17
22:49:35.551 [pool-2-thread-1] DEBUG org.springframework.web.client.RestTemplate - Accept=[application/json, application/*+json]
22:49:35.551 [pool-1-thread-1] DEBUG org.springframework.web.client.RestTemplate - Accept=[application/json, application/*+json]
22:49:35.561 [pool-1-thread-1] DEBUG org.springframework.web.client.RestTemplate - Response 200 OK
22:49:35.561 [pool-2-thread-1] DEBUG org.springframework.web.client.RestTemplate - Response 200 OK
22:49:35.561 [pool-1-thread-1] DEBUG org.springframework.web.client.RestTemplate - Reading to [com.tourguide.app.model.VisitedLocation]
22:49:35.561 [pool-2-thread-1] DEBUG org.springframework.web.client.RestTemplate - Reading to [com.tourguide.app.model.VisitedLocation]
22:49:35.565 [pool-1-thread-1] DEBUG org.springframework.web.client.RestTemplate - HTTP GET http://localhost:9006/getCurrentLocation/639f63d6-1d85-4ccb-a4db-33c6937cf99e
22:49:35.566 [pool-2-thread-1] DEBUG org.springframework.web.client.RestTemplate - HTTP GET http://localhost:9006/getCurrentLocation/26a85c46-f941-41fa-84cf-626bdd86e502
22:49:35.567 [pool-1-thread-1] DEBUG org.springframework.web.client.RestTemplate - Accept=[application/json, application/*+json]
22:49:35.567 [pool-2-thread-1] DEBUG org.springframework.web.client.RestTemplate - Accept=[application/json, application/*+json]
22:49:35.578 [pool-1-thread-1] DEBUG org.springframework.web.client.RestTemplate - Response 200 OK
22:49:35.579 [pool-1-thread-1] DEBUG org.springframework.web.client.RestTemplate - Reading to [com.tourguide.app.model.VisitedLocation]
22:49:35.582 [pool-1-thread-1] DEBUG org.springframework.web.client.RestTemplate - HTTP GET http://localhost:9006/getCurrentLocation/7298fef5-ff26-4b68-a1e4-fca95bc40365
22:49:35.583 [pool-1-thread-1] DEBUG org.springframework.web.client.RestTemplate - Accept=[application/json, application/*+json]
22:49:35.584 [pool-2-thread-1] DEBUG org.springframework.web.client.RestTemplate - Response 200 OK
22:49:35.585 [pool-2-thread-1] DEBUG org.springframework.web.client.RestTemplate - Reading to [com.tourguide.app.model.VisitedLocation]
22:49:35.588 [pool-2-thread-1] DEBUG org.springframework.web.client.RestTemplate - HTTP GET http://localhost:9006/getCurrentLocation/0f30ba2c-31fa-4dda-a322-73acae3c2da2
22:49:35.589 [pool-2-thread-1] DEBUG org.springframework.web.client.RestTemplate - Accept=[application/json, application/*+json]
22:49:35.595 [pool-1-thread-1] DEBUG org.springframework.web.client.RestTemplate - Response 200 OK
22:49:35.596 [pool-1-thread-1] DEBUG org.springframework.web.client.RestTemplate - Reading to [com.tourguide.app.model.VisitedLocation]
22:49:35.600 [pool-2-thread-1] DEBUG org.springframework.web.client.RestTemplate - Response 200 OK
22:49:35.600 [pool-2-thread-1] DEBUG org.springframework.web.client.RestTemplate - Reading to [com.tourguide.app.model.VisitedLocation]
22:49:35.601 [pool-1-thread-1] DEBUG org.springframework.web.client.RestTemplate - HTTP GET http://localhost:9006/getCurrentLocation/465afdeb-0e1b-40d2-83be-1f74e41f6911
22:49:35.603 [pool-1-thread-1] DEBUG org.springframework.web.client.RestTemplate - Accept=[application/json, application/*+json]
22:49:35.603 [pool-2-thread-1] DEBUG org.springframework.web.client.RestTemplate - HTTP GET http://localhost:9006/getCurrentLocation/9d949193-23b1-4a60-868d-5103f5a432d0
22:49:35.605 [pool-2-thread-1] DEBUG org.springframework.web.client.RestTemplate - Accept=[application/json, application/*+json]
22:49:35.612 [pool-1-thread-1] DEBUG org.springframework.web.client.RestTemplate - Response 200 OK
22:49:35.613 [pool-1-thread-1] DEBUG org.springframework.web.client.RestTemplate - Reading to [com.tourguide.app.model.VisitedLocation]
22:49:35.616 [pool-1-thread-1] DEBUG org.springframework.web.client.RestTemplate - HTTP GET http://localhost:9006/getCurrentLocation/e3123add-e472-4179-86e6-e92e5fa60413
22:49:35.618 [pool-1-thread-1] DEBUG org.springframework.web.client.RestTemplate - Accept=[application/json, application/*+json]
22:49:35.619 [pool-2-thread-1] DEBUG org.springframework.web.client.RestTemplate - Response 200 OK
22:49:35.619 [pool-2-thread-1] DEBUG org.springframework.web.client.RestTemplate - Reading to [com.tourguide.app.model.VisitedLocation]
22:49:35.622 [pool-2-thread-1] DEBUG org.springframework.web.client.RestTemplate - HTTP GET http://localhost:9006/getCurrentLocation/9ca81bd7-5cf5-4deb-a421-9452184fb681
22:49:35.623 [pool-2-thread-1] DEBUG org.springframework.web.client.RestTemplate - Accept=[application/json, application/*+json]
22:49:35.631 [pool-2-thread-1] DEBUG org.springframework.web.client.RestTemplate - Response 200 OK
22:49:35.631 [pool-2-thread-1] DEBUG org.springframework.web.client.RestTemplate - Reading to [com.tourguide.app.model.VisitedLocation]
22:49:35.633 [pool-1-thread-1] DEBUG org.springframework.web.client.RestTemplate - Response 200 OK
22:49:35.633 [pool-1-thread-1] DEBUG org.springframework.web.client.RestTemplate - Reading to [com.tourguide.app.model.VisitedLocation]
22:49:35.636 [pool-2-thread-1] DEBUG org.springframework.web.client.RestTemplate - HTTP GET http://localhost:9006/getCurrentLocation/fbe2d76c-4d06-416f-be89-8534eb65563d
22:49:35.637 [pool-2-thread-1] DEBUG org.springframework.web.client.RestTemplate - Accept=[application/json, application/*+json]
22:49:35.638 [pool-1-thread-1] DEBUG org.springframework.web.client.RestTemplate - HTTP GET http://localhost:9006/getCurrentLocation/7f4e4f83-419e-478e-bb02-488709d7cd07
22:49:35.640 [pool-1-thread-1] DEBUG org.springframework.web.client.RestTemplate - Accept=[application/json, application/*+json]
22:49:35.649 [pool-1-thread-1] DEBUG org.springframework.web.client.RestTemplate - Response 200 OK
22:49:35.649 [pool-1-thread-1] DEBUG org.springframework.web.client.RestTemplate - Reading to [com.tourguide.app.model.VisitedLocation]
22:49:35.649 [pool-2-thread-1] DEBUG org.springframework.web.client.RestTemplate - Response 200 OK
22:49:35.651 [pool-2-thread-1] DEBUG org.springframework.web.client.RestTemplate - Reading to [com.tourguide.app.model.VisitedLocation]
22:49:35.655 [pool-2-thread-1] DEBUG org.springframework.web.client.RestTemplate - HTTP GET http://localhost:9006/getCurrentLocation/27bbb413-5408-4863-9d74-974b34b4324d
22:49:35.656 [pool-2-thread-1] DEBUG org.springframework.web.client.RestTemplate - Accept=[application/json, application/*+json]
22:49:35.657 [pool-1-thread-1] DEBUG org.springframework.web.client.RestTemplate - HTTP GET http://localhost:9006/getCurrentLocation/6f678358-77c9-403f-a7b4-1a1d199e3854
22:49:35.659 [pool-1-thread-1] DEBUG org.springframework.web.client.RestTemplate - Accept=[application/json, application/*+json]
22:49:35.666 [pool-1-thread-1] DEBUG org.springframework.web.client.RestTemplate - Response 200 OK
22:49:35.666 [pool-2-thread-1] DEBUG org.springframework.web.client.RestTemplate - Response 200 OK
22:49:35.667 [pool-2-thread-1] DEBUG org.springframework.web.client.RestTemplate - Reading to [com.tourguide.app.model.VisitedLocation]
22:49:35.667 [pool-1-thread-1] DEBUG org.springframework.web.client.RestTemplate - Reading to [com.tourguide.app.model.VisitedLocation]
22:49:35.670 [pool-2-thread-1] DEBUG org.springframework.web.client.RestTemplate - HTTP GET http://localhost:9006/getCurrentLocation/eab11d32-5a49-4932-bd4e-5489f25f74c7
22:49:35.671 [pool-1-thread-1] DEBUG org.springframework.web.client.RestTemplate - HTTP GET http://localhost:9006/getCurrentLocation/aba4fb1c-55ea-4e14-a6b5-6b72070ecfb4
22:49:35.673 [pool-1-thread-1] DEBUG org.springframework.web.client.RestTemplate - Accept=[application/json, application/*+json]
22:49:35.673 [pool-2-thread-1] DEBUG org.springframework.web.client.RestTemplate - Accept=[application/json, application/*+json]
22:49:35.684 [pool-1-thread-1] DEBUG org.springframework.web.client.RestTemplate - Response 200 OK
22:49:35.684 [pool-1-thread-1] DEBUG org.springframework.web.client.RestTemplate - Reading to [com.tourguide.app.model.VisitedLocation]
22:49:35.688 [pool-1-thread-1] DEBUG org.springframework.web.client.RestTemplate - HTTP GET http://localhost:9006/getCurrentLocation/9e13dbd7-c1c7-4b57-8c88-274413286d50
22:49:35.689 [pool-2-thread-1] DEBUG org.springframework.web.client.RestTemplate - Response 200 OK
22:49:35.689 [pool-1-thread-1] DEBUG org.springframework.web.client.RestTemplate - Accept=[application/json, application/*+json]
22:49:35.689 [pool-2-thread-1] DEBUG org.springframework.web.client.RestTemplate - Reading to [com.tourguide.app.model.VisitedLocation]
22:49:35.692 [pool-2-thread-1] DEBUG org.springframework.web.client.RestTemplate - HTTP GET http://localhost:9006/getCurrentLocation/7b478760-3ea2-4bef-abc5-a25f435e6841
22:49:35.693 [pool-2-thread-1] DEBUG org.springframework.web.client.RestTemplate - Accept=[application/json, application/*+json]
22:49:35.698 [pool-1-thread-1] DEBUG org.springframework.web.client.RestTemplate - Response 200 OK
22:49:35.699 [pool-1-thread-1] DEBUG org.springframework.web.client.RestTemplate - Reading to [com.tourguide.app.model.VisitedLocation]
22:49:35.702 [pool-1-thread-1] DEBUG org.springframework.web.client.RestTemplate - HTTP GET http://localhost:9006/getCurrentLocation/f09697e3-1c2a-4f64-9b7a-fc31958b0e06
22:49:35.703 [pool-1-thread-1] DEBUG org.springframework.web.client.RestTemplate - Accept=[application/json, application/*+json]
22:49:35.708 [pool-1-thread-1] DEBUG org.springframework.web.client.RestTemplate - Response 200 OK
22:49:35.709 [pool-1-thread-1] DEBUG org.springframework.web.client.RestTemplate - Reading to [com.tourguide.app.model.VisitedLocation]
22:49:35.713 [pool-1-thread-1] DEBUG org.springframework.web.client.RestTemplate - HTTP GET http://localhost:9006/getCurrentLocation/ee54b639-a891-4455-9b62-6073cf224260
22:49:35.714 [pool-1-thread-1] DEBUG org.springframework.web.client.RestTemplate - Accept=[application/json, application/*+json]
22:49:35.714 [pool-2-thread-1] DEBUG org.springframework.web.client.RestTemplate - Response 200 OK
22:49:35.715 [pool-2-thread-1] DEBUG org.springframework.web.client.RestTemplate - Reading to [com.tourguide.app.model.VisitedLocation]
22:49:35.718 [pool-2-thread-1] DEBUG org.springframework.web.client.RestTemplate - HTTP GET http://localhost:9006/getCurrentLocation/370f737a-c0c8-4473-84d1-f2cbcc4602d1
22:49:35.719 [pool-2-thread-1] DEBUG org.springframework.web.client.RestTemplate - Accept=[application/json, application/*+json]
22:49:35.726 [pool-1-thread-1] DEBUG org.springframework.web.client.RestTemplate - Response 200 OK
22:49:35.726 [pool-1-thread-1] DEBUG org.springframework.web.client.RestTemplate - Reading to [com.tourguide.app.model.VisitedLocation]
22:49:35.729 [pool-1-thread-1] DEBUG org.springframework.web.client.RestTemplate - HTTP GET http://localhost:9006/getCurrentLocation/a602c734-61ed-4590-ba3a-f2ec3b4e4ea0
22:49:35.730 [pool-1-thread-1] DEBUG org.springframework.web.client.RestTemplate - Accept=[application/json, application/*+json]
22:49:35.735 [pool-2-thread-1] DEBUG org.springframework.web.client.RestTemplate - Response 200 OK
22:49:35.735 [pool-2-thread-1] DEBUG org.springframework.web.client.RestTemplate - Reading to [com.tourguide.app.model.VisitedLocation]
22:49:35.738 [pool-2-thread-1] DEBUG org.springframework.web.client.RestTemplate - HTTP GET http://localhost:9006/getCurrentLocation/647f5a2e-bd5d-40aa-90ec-9354b8e5fcdc
22:49:35.739 [pool-2-thread-1] DEBUG org.springframework.web.client.RestTemplate - Accept=[application/json, application/*+json]
22:49:35.747 [pool-2-thread-1] DEBUG org.springframework.web.client.RestTemplate - Response 200 OK
22:49:35.748 [pool-2-thread-1] DEBUG org.springframework.web.client.RestTemplate - Reading to [com.tourguide.app.model.VisitedLocation]
22:49:35.749 [pool-1-thread-1] DEBUG org.springframework.web.client.RestTemplate - Response 200 OK
22:49:35.749 [pool-1-thread-1] DEBUG org.springframework.web.client.RestTemplate - Reading to [com.tourguide.app.model.VisitedLocation]
22:49:35.751 [pool-2-thread-1] DEBUG org.springframework.web.client.RestTemplate - HTTP GET http://localhost:9006/getCurrentLocation/7aede7c8-f93b-433f-913b-86cdb2265b41
22:49:35.752 [pool-2-thread-1] DEBUG org.springframework.web.client.RestTemplate - Accept=[application/json, application/*+json]
22:49:35.753 [pool-1-thread-1] DEBUG org.springframework.web.client.RestTemplate - HTTP GET http://localhost:9006/getCurrentLocation/2940c74b-b791-4b90-ba39-7611e19f3473
22:49:35.754 [pool-1-thread-1] DEBUG org.springframework.web.client.RestTemplate - Accept=[application/json, application/*+json]
22:49:35.773 [pool-2-thread-1] DEBUG org.springframework.web.client.RestTemplate - Response 200 OK
22:49:35.775 [pool-2-thread-1] DEBUG org.springframework.web.client.RestTemplate - Reading to [com.tourguide.app.model.VisitedLocation]
22:49:35.777 [pool-1-thread-1] DEBUG org.springframework.web.client.RestTemplate - Response 200 OK
22:49:35.778 [pool-1-thread-1] DEBUG org.springframework.web.client.RestTemplate - Reading to [com.tourguide.app.model.VisitedLocation]
22:49:35.778 [pool-2-thread-1] DEBUG org.springframework.web.client.RestTemplate - HTTP GET http://localhost:9006/getCurrentLocation/8a5b2f0c-f1d7-4a41-8064-ab669551df3d
22:49:35.779 [pool-2-thread-1] DEBUG org.springframework.web.client.RestTemplate - Accept=[application/json, application/*+json]
22:49:35.781 [pool-1-thread-1] DEBUG org.springframework.web.client.RestTemplate - HTTP GET http://localhost:9006/getCurrentLocation/75c044ed-61e5-475a-94af-44b56bbb90b9
22:49:35.783 [pool-1-thread-1] DEBUG org.springframework.web.client.RestTemplate - Accept=[application/json, application/*+json]
22:49:35.791 [pool-2-thread-1] DEBUG org.springframework.web.client.RestTemplate - Response 200 OK
22:49:35.791 [pool-2-thread-1] DEBUG org.springframework.web.client.RestTemplate - Reading to [com.tourguide.app.model.VisitedLocation]
22:49:35.794 [pool-2-thread-1] DEBUG org.springframework.web.client.RestTemplate - HTTP GET http://localhost:9006/getCurrentLocation/8fa644c7-75ff-4e3a-8558-4b4b5a79fdb1
22:49:35.795 [pool-2-thread-1] DEBUG org.springframework.web.client.RestTemplate - Accept=[application/json, application/*+json]
22:49:35.800 [pool-1-thread-1] DEBUG org.springframework.web.client.RestTemplate - Response 200 OK
22:49:35.800 [pool-1-thread-1] DEBUG org.springframework.web.client.RestTemplate - Reading to [com.tourguide.app.model.VisitedLocation]
22:49:35.804 [pool-1-thread-1] DEBUG org.springframework.web.client.RestTemplate - HTTP GET http://localhost:9006/getCurrentLocation/2ad37d5e-cea6-4237-bb2c-e21d9c2f35d4
22:49:35.806 [pool-1-thread-1] DEBUG org.springframework.web.client.RestTemplate - Accept=[application/json, application/*+json]
22:49:35.817 [pool-2-thread-1] DEBUG org.springframework.web.client.RestTemplate - Response 200 OK
22:49:35.817 [pool-2-thread-1] DEBUG org.springframework.web.client.RestTemplate - Reading to [com.tourguide.app.model.VisitedLocation]
22:49:35.822 [pool-2-thread-1] DEBUG org.springframework.web.client.RestTemplate - HTTP GET http://localhost:9006/getCurrentLocation/939cb45f-7236-4c41-bf9e-acfc6ac0226a
22:49:35.824 [pool-2-thread-1] DEBUG org.springframework.web.client.RestTemplate - Accept=[application/json, application/*+json]
22:49:35.840 [pool-1-thread-1] DEBUG org.springframework.web.client.RestTemplate - Response 200 OK
22:49:35.841 [pool-1-thread-1] DEBUG org.springframework.web.client.RestTemplate - Reading to [com.tourguide.app.model.VisitedLocation]
22:49:35.844 [pool-1-thread-1] DEBUG org.springframework.web.client.RestTemplate - HTTP GET http://localhost:9006/getCurrentLocation/8557d1af-b8ed-486d-b1ca-f59b9577ec64
22:49:35.846 [pool-1-thread-1] DEBUG org.springframework.web.client.RestTemplate - Accept=[application/json, application/*+json]
22:49:35.857 [pool-2-thread-1] DEBUG org.springframework.web.client.RestTemplate - Response 200 OK
22:49:35.858 [pool-2-thread-1] DEBUG org.springframework.web.client.RestTemplate - Reading to [com.tourguide.app.model.VisitedLocation]
22:49:35.864 [pool-2-thread-1] DEBUG org.springframework.web.client.RestTemplate - HTTP GET http://localhost:9006/getCurrentLocation/73f6d9ff-692e-42cf-a71f-abc225ec6f90
22:49:35.865 [pool-2-thread-1] DEBUG org.springframework.web.client.RestTemplate - Accept=[application/json, application/*+json]
22:49:35.882 [pool-2-thread-1] DEBUG org.springframework.web.client.RestTemplate - Response 200 OK
22:49:35.882 [pool-2-thread-1] DEBUG org.springframework.web.client.RestTemplate - Reading to [com.tourguide.app.model.VisitedLocation]
22:49:35.885 [pool-2-thread-1] DEBUG org.springframework.web.client.RestTemplate - HTTP GET http://localhost:9006/getCurrentLocation/cdd3ffe1-95aa-46c4-9993-daf1e25443c4
22:49:35.886 [pool-2-thread-1] DEBUG org.springframework.web.client.RestTemplate - Accept=[application/json, application/*+json]
22:49:35.888 [pool-1-thread-1] DEBUG org.springframework.web.client.RestTemplate - Response 200 OK
22:49:35.888 [pool-1-thread-1] DEBUG org.springframework.web.client.RestTemplate - Reading to [com.tourguide.app.model.VisitedLocation]
22:49:35.891 [pool-1-thread-1] DEBUG org.springframework.web.client.RestTemplate - HTTP GET http://localhost:9006/getCurrentLocation/53fb73f1-91c2-448a-a92a-5dc5d15ba28e
22:49:35.893 [pool-1-thread-1] DEBUG org.springframework.web.client.RestTemplate - Accept=[application/json, application/*+json]
22:49:35.901 [pool-2-thread-1] DEBUG org.springframework.web.client.RestTemplate - Response 200 OK
22:49:35.901 [pool-2-thread-1] DEBUG org.springframework.web.client.RestTemplate - Reading to [com.tourguide.app.model.VisitedLocation]
22:49:35.905 [pool-2-thread-1] DEBUG org.springframework.web.client.RestTemplate - HTTP GET http://localhost:9006/getCurrentLocation/8b9b1d18-d108-4a46-b2cb-7b5aea3134e4
22:49:35.906 [pool-1-thread-1] DEBUG org.springframework.web.client.RestTemplate - Response 200 OK
22:49:35.906 [pool-1-thread-1] DEBUG org.springframework.web.client.RestTemplate - Reading to [com.tourguide.app.model.VisitedLocation]
22:49:35.907 [pool-2-thread-1] DEBUG org.springframework.web.client.RestTemplate - Accept=[application/json, application/*+json]
22:49:35.909 [pool-1-thread-1] DEBUG org.springframework.web.client.RestTemplate - HTTP GET http://localhost:9006/getCurrentLocation/85cf88d9-5114-4558-a3ca-d4c341423591
22:49:35.910 [pool-1-thread-1] DEBUG org.springframework.web.client.RestTemplate - Accept=[application/json, application/*+json]
22:49:35.917 [pool-2-thread-1] DEBUG org.springframework.web.client.RestTemplate - Response 200 OK
22:49:35.917 [pool-2-thread-1] DEBUG org.springframework.web.client.RestTemplate - Reading to [com.tourguide.app.model.VisitedLocation]
22:49:35.920 [pool-2-thread-1] DEBUG org.springframework.web.client.RestTemplate - HTTP GET http://localhost:9006/getCurrentLocation/31fad094-d72c-4ddd-a63f-836329e169e9
22:49:35.921 [pool-2-thread-1] DEBUG org.springframework.web.client.RestTemplate - Accept=[application/json, application/*+json]
22:49:35.926 [pool-1-thread-1] DEBUG org.springframework.web.client.RestTemplate - Response 200 OK
22:49:35.926 [pool-1-thread-1] DEBUG org.springframework.web.client.RestTemplate - Reading to [com.tourguide.app.model.VisitedLocation]
22:49:35.929 [pool-1-thread-1] DEBUG org.springframework.web.client.RestTemplate - HTTP GET http://localhost:9006/getCurrentLocation/f449173a-f348-42e0-86fe-11a912ba73c1
22:49:35.931 [pool-1-thread-1] DEBUG org.springframework.web.client.RestTemplate - Accept=[application/json, application/*+json]
22:49:35.940 [pool-2-thread-1] DEBUG org.springframework.web.client.RestTemplate - Response 200 OK
22:49:35.941 [pool-2-thread-1] DEBUG org.springframework.web.client.RestTemplate - Reading to [com.tourguide.app.model.VisitedLocation]
22:49:35.940 [pool-1-thread-1] DEBUG org.springframework.web.client.RestTemplate - Response 200 OK
22:49:35.941 [pool-1-thread-1] DEBUG org.springframework.web.client.RestTemplate - Reading to [com.tourguide.app.model.VisitedLocation]
22:49:35.943 [pool-2-thread-1] DEBUG org.springframework.web.client.RestTemplate - HTTP GET http://localhost:9006/getCurrentLocation/72e163a0-b553-442a-bb1e-1ce9aeb8e203
22:49:35.943 [pool-1-thread-1] DEBUG org.springframework.web.client.RestTemplate - HTTP GET http://localhost:9006/getCurrentLocation/f518c742-04a7-4bb9-a6e6-2e1c3e951de1
22:49:35.945 [pool-1-thread-1] DEBUG org.springframework.web.client.RestTemplate - Accept=[application/json, application/*+json]
22:49:35.945 [pool-2-thread-1] DEBUG org.springframework.web.client.RestTemplate - Accept=[application/json, application/*+json]
22:49:35.964 [pool-1-thread-1] DEBUG org.springframework.web.client.RestTemplate - Response 200 OK
22:49:35.964 [pool-1-thread-1] DEBUG org.springframework.web.client.RestTemplate - Reading to [com.tourguide.app.model.VisitedLocation]
22:49:35.967 [pool-1-thread-1] DEBUG org.springframework.web.client.RestTemplate - HTTP GET http://localhost:9006/getCurrentLocation/8dcdbba1-3eed-4d22-80bb-1d4b8f2e10be
22:49:35.968 [pool-1-thread-1] DEBUG org.springframework.web.client.RestTemplate - Accept=[application/json, application/*+json]
22:49:35.976 [pool-2-thread-1] DEBUG org.springframework.web.client.RestTemplate - Response 200 OK
22:49:35.976 [pool-2-thread-1] DEBUG org.springframework.web.client.RestTemplate - Reading to [com.tourguide.app.model.VisitedLocation]
22:49:35.979 [pool-2-thread-1] DEBUG com.tourguide.app.helper.Tracker - Tracker Time Elapsed: 2 seconds.
22:49:35.979 [pool-2-thread-1] DEBUG com.tourguide.app.helper.Tracker - Tracker sleeping
22:49:35.983 [pool-1-thread-1] DEBUG org.springframework.web.client.RestTemplate - Response 200 OK
22:49:35.984 [pool-1-thread-1] DEBUG org.springframework.web.client.RestTemplate - Reading to [com.tourguide.app.model.VisitedLocation]
22:49:35.985 [pool-1-thread-1] DEBUG com.tourguide.app.helper.Tracker - Tracker Time Elapsed: 4 seconds.
22:49:35.985 [pool-1-thread-1] DEBUG com.tourguide.app.helper.Tracker - Tracker sleeping
22:49:37.258 [Test worker] DEBUG org.springframework.web.client.RestTemplate - Response 200 OK
22:49:37.263 [Test worker] DEBUG org.springframework.web.client.RestTemplate - Reading to [java.util.List<com.tourguide.app.model.Attraction>]
22:49:37.268 [Test worker] INFO com.tourguide.app.service.TourGuideService - TestMode enabled
22:49:37.268 [Test worker] DEBUG com.tourguide.app.service.TourGuideService - Initializing users
22:49:37.271 [Test worker] DEBUG com.tourguide.app.service.TourGuideService - Created 100 internal test users.
22:49:37.271 [Test worker] DEBUG com.tourguide.app.service.TourGuideService - Finished initializing users
22:49:37.274 [pool-3-thread-1] DEBUG com.tourguide.app.helper.Tracker - Begin Tracker. Tracking 100 users.
22:49:37.276 [Test worker] INFO com.tourguide.app.service.TourGuideService - TestMode enabled
22:49:37.276 [Test worker] DEBUG com.tourguide.app.service.TourGuideService - Initializing users
22:49:37.276 [Test worker] DEBUG com.tourguide.app.service.TourGuideService - Created 10 internal test users.
22:49:37.276 [Test worker] DEBUG com.tourguide.app.service.TourGuideService - Finished initializing users
22:49:37.278 [pool-3-thread-1] DEBUG org.springframework.web.client.RestTemplate - HTTP GET http://localhost:9006/getCurrentLocation/21200ddc-573f-4ec7-b9dc-758920da0a5e
22:49:37.279 [pool-3-thread-1] DEBUG org.springframework.web.client.RestTemplate - Accept=[application/json, application/*+json]
22:49:37.280 [Test worker] DEBUG org.springframework.web.client.RestTemplate - HTTP GET http://localhost:9009/getUserPreferences/a2886377-1df2-4e91-933d-efa6ef2dc582
22:49:37.280 [pool-4-thread-1] DEBUG com.tourguide.app.helper.Tracker - Begin Tracker. Tracking 10 users.
22:49:37.282 [pool-4-thread-1] DEBUG org.springframework.web.client.RestTemplate - HTTP GET http://localhost:9006/getCurrentLocation/19447cd0-9c6f-46e4-b3db-5e161a35cf44
22:49:37.284 [pool-4-thread-1] DEBUG org.springframework.web.client.RestTemplate - Accept=[application/json, application/*+json]
22:49:37.302 [pool-3-thread-1] DEBUG org.springframework.web.client.RestTemplate - Response 200 OK
22:49:37.302 [pool-3-thread-1] DEBUG org.springframework.web.client.RestTemplate - Reading to [com.tourguide.app.model.VisitedLocation]
22:49:37.305 [pool-3-thread-1] DEBUG org.springframework.web.client.RestTemplate - HTTP GET http://localhost:9006/getCurrentLocation/f1c9c2c6-0459-4aff-a7dc-f9948ed58c6a
22:49:37.307 [pool-3-thread-1] DEBUG org.springframework.web.client.RestTemplate - Accept=[application/json, application/*+json]
22:49:37.313 [pool-4-thread-1] DEBUG org.springframework.web.client.RestTemplate - Response 200 OK
22:49:37.313 [pool-4-thread-1] DEBUG org.springframework.web.client.RestTemplate - Reading to [com.tourguide.app.model.VisitedLocation]
22:49:37.315 [Test worker] DEBUG org.springframework.web.client.RestTemplate - Accept=[application/json, application/*+json]
22:49:37.316 [pool-4-thread-1] DEBUG org.springframework.web.client.RestTemplate - HTTP GET http://localhost:9006/getCurrentLocation/ab7d9160-eb00-429d-b71c-85856af1ffee
22:49:37.317 [pool-4-thread-1] DEBUG org.springframework.web.client.RestTemplate - Accept=[application/json, application/*+json]
22:49:37.325 [pool-3-thread-1] DEBUG org.springframework.web.client.RestTemplate - Response 200 OK
22:49:37.325 [pool-3-thread-1] DEBUG org.springframework.web.client.RestTemplate - Reading to [com.tourguide.app.model.VisitedLocation]
22:49:37.329 [pool-3-thread-1] DEBUG org.springframework.web.client.RestTemplate - HTTP GET http://localhost:9006/getCurrentLocation/85de61dc-00d7-4a8b-bc32-a2614a7bbc1d
22:49:37.330 [pool-3-thread-1] DEBUG org.springframework.web.client.RestTemplate - Accept=[application/json, application/*+json]
22:49:37.331 [pool-4-thread-1] DEBUG org.springframework.web.client.RestTemplate - Response 200 OK
22:49:37.331 [pool-4-thread-1] DEBUG org.springframework.web.client.RestTemplate - Reading to [com.tourguide.app.model.VisitedLocation]
22:49:37.334 [pool-4-thread-1] DEBUG org.springframework.web.client.RestTemplate - HTTP GET http://localhost:9006/getCurrentLocation/64cf495c-ffe3-4b1c-a630-ec72b5c97673
22:49:37.335 [pool-4-thread-1] DEBUG org.springframework.web.client.RestTemplate - Accept=[application/json, application/*+json]
22:49:37.358 [pool-3-thread-1] DEBUG org.springframework.web.client.RestTemplate - Response 200 OK
22:49:37.358 [pool-3-thread-1] DEBUG org.springframework.web.client.RestTemplate - Reading to [com.tourguide.app.model.VisitedLocation]
22:49:37.362 [pool-3-thread-1] DEBUG org.springframework.web.client.RestTemplate - HTTP GET http://localhost:9006/getCurrentLocation/08e859bd-d600-4e80-a649-fddeb737c33e
22:49:37.363 [pool-3-thread-1] DEBUG org.springframework.web.client.RestTemplate - Accept=[application/json, application/*+json]
22:49:37.378 [Test worker] DEBUG org.springframework.web.client.RestTemplate - Response 200 OK
22:49:37.378 [Test worker] DEBUG org.springframework.web.client.RestTemplate - Reading to [com.tourguide.app.model.UserPreferences]
22:49:37.381 [Test worker] DEBUG org.springframework.web.client.RestTemplate - HTTP GET http://localhost:9007/getRewardPointsByAttraction/Disneyland
22:49:37.382 [Test worker] DEBUG org.springframework.web.client.RestTemplate - Accept=[application/json, application/*+json]
22:49:37.383 [pool-4-thread-1] DEBUG org.springframework.web.client.RestTemplate - Response 200 OK
22:49:37.384 [pool-4-thread-1] DEBUG org.springframework.web.client.RestTemplate - Reading to [com.tourguide.app.model.VisitedLocation]
22:49:37.387 [pool-4-thread-1] DEBUG org.springframework.web.client.RestTemplate - HTTP GET http://localhost:9006/getCurrentLocation/c8402fa9-17ab-4082-9dcf-5a1ed3e478c0
22:49:37.387 [pool-3-thread-1] DEBUG org.springframework.web.client.RestTemplate - Response 200 OK
22:49:37.387 [pool-3-thread-1] DEBUG org.springframework.web.client.RestTemplate - Reading to [com.tourguide.app.model.VisitedLocation]
22:49:37.388 [pool-4-thread-1] DEBUG org.springframework.web.client.RestTemplate - Accept=[application/json, application/*+json]
22:49:37.390 [pool-3-thread-1] DEBUG org.springframework.web.client.RestTemplate - HTTP GET http://localhost:9006/getCurrentLocation/91592536-5845-4662-9b9a-26bc3a465780
22:49:37.391 [pool-3-thread-1] DEBUG org.springframework.web.client.RestTemplate - Accept=[application/json, application/*+json]
22:49:37.411 [pool-3-thread-1] DEBUG org.springframework.web.client.RestTemplate - Response 200 OK
22:49:37.411 [pool-3-thread-1] DEBUG org.springframework.web.client.RestTemplate - Reading to [com.tourguide.app.model.VisitedLocation]
22:49:37.411 [pool-4-thread-1] DEBUG org.springframework.web.client.RestTemplate - Response 200 OK
22:49:37.412 [pool-4-thread-1] DEBUG org.springframework.web.client.RestTemplate - Reading to [com.tourguide.app.model.VisitedLocation]
22:49:37.414 [pool-4-thread-1] DEBUG org.springframework.web.client.RestTemplate - HTTP GET http://localhost:9006/getCurrentLocation/d16e3616-071e-4fe2-9a98-062908643f6f
22:49:37.414 [pool-3-thread-1] DEBUG org.springframework.web.client.RestTemplate - HTTP GET http://localhost:9006/getCurrentLocation/4fd41ec0-748e-423a-97a3-af86b37a6cc4
22:49:37.415 [pool-3-thread-1] DEBUG org.springframework.web.client.RestTemplate - Accept=[application/json, application/*+json]
22:49:37.415 [pool-4-thread-1] DEBUG org.springframework.web.client.RestTemplate - Accept=[application/json, application/*+json]
22:49:37.429 [pool-4-thread-1] DEBUG org.springframework.web.client.RestTemplate - Response 200 OK
22:49:37.429 [pool-4-thread-1] DEBUG org.springframework.web.client.RestTemplate - Reading to [com.tourguide.app.model.VisitedLocation]
22:49:37.432 [pool-4-thread-1] DEBUG org.springframework.web.client.RestTemplate - HTTP GET http://localhost:9006/getCurrentLocation/176cbfab-74c0-4548-b658-46e599ecb5f1
22:49:37.433 [pool-4-thread-1] DEBUG org.springframework.web.client.RestTemplate - Accept=[application/json, application/*+json]
22:49:37.435 [pool-3-thread-1] DEBUG org.springframework.web.client.RestTemplate - Response 200 OK
22:49:37.435 [pool-3-thread-1] DEBUG org.springframework.web.client.RestTemplate - Reading to [com.tourguide.app.model.VisitedLocation]
22:49:37.438 [pool-3-thread-1] DEBUG org.springframework.web.client.RestTemplate - HTTP GET http://localhost:9006/getCurrentLocation/aa8ca0f7-2a2b-4d93-b5ac-092fa0f79722
22:49:37.439 [pool-3-thread-1] DEBUG org.springframework.web.client.RestTemplate - Accept=[application/json, application/*+json]
22:49:37.445 [pool-4-thread-1] DEBUG org.springframework.web.client.RestTemplate - Response 200 OK
22:49:37.445 [pool-4-thread-1] DEBUG org.springframework.web.client.RestTemplate - Reading to [com.tourguide.app.model.VisitedLocation]
22:49:37.448 [pool-4-thread-1] DEBUG org.springframework.web.client.RestTemplate - HTTP GET http://localhost:9006/getCurrentLocation/f0fc67a7-bcc1-4a4e-b761-09a0c91acc2c
22:49:37.449 [pool-4-thread-1] DEBUG org.springframework.web.client.RestTemplate - Accept=[application/json, application/*+json]
22:49:37.461 [pool-3-thread-1] DEBUG org.springframework.web.client.RestTemplate - Response 200 OK
22:49:37.462 [pool-3-thread-1] DEBUG org.springframework.web.client.RestTemplate - Reading to [com.tourguide.app.model.VisitedLocation]
22:49:37.465 [pool-3-thread-1] DEBUG org.springframework.web.client.RestTemplate - HTTP GET http://localhost:9006/getCurrentLocation/0b6df7f8-a550-426c-81da-ab61028f7d5b
22:49:37.466 [pool-3-thread-1] DEBUG org.springframework.web.client.RestTemplate - Accept=[application/json, application/*+json]
22:49:37.476 [pool-3-thread-1] DEBUG org.springframework.web.client.RestTemplate - Response 200 OK
22:49:37.476 [pool-3-thread-1] DEBUG org.springframework.web.client.RestTemplate - Reading to [com.tourguide.app.model.VisitedLocation]
22:49:37.479 [pool-4-thread-1] DEBUG org.springframework.web.client.RestTemplate - Response 200 OK
22:49:37.479 [pool-3-thread-1] DEBUG org.springframework.web.client.RestTemplate - HTTP GET http://localhost:9006/getCurrentLocation/a0e22a64-dc9c-42d0-aa41-98cc120f01e7
22:49:37.479 [pool-4-thread-1] DEBUG org.springframework.web.client.RestTemplate - Reading to [com.tourguide.app.model.VisitedLocation]
22:49:37.480 [pool-3-thread-1] DEBUG org.springframework.web.client.RestTemplate - Accept=[application/json, application/*+json]
22:49:37.482 [pool-4-thread-1] DEBUG org.springframework.web.client.RestTemplate - HTTP GET http://localhost:9006/getCurrentLocation/de10139b-f195-41cf-a705-255cc4bbcc2c
22:49:37.483 [pool-4-thread-1] DEBUG org.springframework.web.client.RestTemplate - Accept=[application/json, application/*+json]
22:49:37.491 [pool-4-thread-1] DEBUG org.springframework.web.client.RestTemplate - Response 200 OK
22:49:37.492 [pool-4-thread-1] DEBUG org.springframework.web.client.RestTemplate - Reading to [com.tourguide.app.model.VisitedLocation]
22:49:37.494 [pool-3-thread-1] DEBUG org.springframework.web.client.RestTemplate - Response 200 OK
22:49:37.494 [pool-3-thread-1] DEBUG org.springframework.web.client.RestTemplate - Reading to [com.tourguide.app.model.VisitedLocation]
22:49:37.495 [pool-4-thread-1] DEBUG org.springframework.web.client.RestTemplate - HTTP GET http://localhost:9006/getCurrentLocation/9fac73d5-ac04-4fbb-be9b-0737c00d454d
22:49:37.496 [pool-4-thread-1] DEBUG org.springframework.web.client.RestTemplate - Accept=[application/json, application/*+json]
22:49:37.497 [pool-3-thread-1] DEBUG org.springframework.web.client.RestTemplate - HTTP GET http://localhost:9006/getCurrentLocation/0dc866ac-6858-4a19-ac92-ce12ad355a19
22:49:37.498 [pool-3-thread-1] DEBUG org.springframework.web.client.RestTemplate - Accept=[application/json, application/*+json]
22:49:37.513 [pool-4-thread-1] DEBUG org.springframework.web.client.RestTemplate - Response 200 OK
22:49:37.513 [pool-4-thread-1] DEBUG org.springframework.web.client.RestTemplate - Reading to [com.tourguide.app.model.VisitedLocation]
22:49:37.516 [pool-4-thread-1] DEBUG org.springframework.web.client.RestTemplate - HTTP GET http://localhost:9006/getCurrentLocation/57da4802-c18f-4e60-ad57-41d6d7fb3d5c
22:49:37.517 [pool-4-thread-1] DEBUG org.springframework.web.client.RestTemplate - Accept=[application/json, application/*+json]
22:49:37.517 [pool-3-thread-1] DEBUG org.springframework.web.client.RestTemplate - Response 200 OK
22:49:37.518 [pool-3-thread-1] DEBUG org.springframework.web.client.RestTemplate - Reading to [com.tourguide.app.model.VisitedLocation]
22:49:37.520 [pool-3-thread-1] DEBUG org.springframework.web.client.RestTemplate - HTTP GET http://localhost:9006/getCurrentLocation/64f4ea42-6e26-4c64-99d0-ca47d6ae5eb2
22:49:37.522 [pool-3-thread-1] DEBUG org.springframework.web.client.RestTemplate - Accept=[application/json, application/*+json]
22:49:37.528 [pool-4-thread-1] DEBUG org.springframework.web.client.RestTemplate - Response 200 OK
22:49:37.528 [pool-4-thread-1] DEBUG org.springframework.web.client.RestTemplate - Reading to [com.tourguide.app.model.VisitedLocation]
22:49:37.529 [pool-4-thread-1] DEBUG com.tourguide.app.helper.Tracker - Tracker Time Elapsed: 0 seconds.
22:49:37.529 [pool-4-thread-1] DEBUG com.tourguide.app.helper.Tracker - Tracker sleeping
22:49:37.530 [pool-3-thread-1] DEBUG org.springframework.web.client.RestTemplate - Response 200 OK
22:49:37.531 [pool-3-thread-1] DEBUG org.springframework.web.client.RestTemplate - Reading to [com.tourguide.app.model.VisitedLocation]
22:49:37.534 [pool-3-thread-1] DEBUG org.springframework.web.client.RestTemplate - HTTP GET http://localhost:9006/getCurrentLocation/c4e77b94-460f-4215-8941-bf7bd8347b37
22:49:37.535 [pool-3-thread-1] DEBUG org.springframework.web.client.RestTemplate - Accept=[application/json, application/*+json]
22:49:37.540 [pool-3-thread-1] DEBUG org.springframework.web.client.RestTemplate - Response 200 OK
22:49:37.541 [pool-3-thread-1] DEBUG org.springframework.web.client.RestTemplate - Reading to [com.tourguide.app.model.VisitedLocation]
22:49:37.543 [pool-3-thread-1] DEBUG org.springframework.web.client.RestTemplate - HTTP GET http://localhost:9006/getCurrentLocation/573ffc94-ba5d-40ee-81d8-326f87078d64
22:49:37.544 [pool-3-thread-1] DEBUG org.springframework.web.client.RestTemplate - Accept=[application/json, application/*+json]
22:49:37.553 [pool-3-thread-1] DEBUG org.springframework.web.client.RestTemplate - Response 200 OK
22:49:37.553 [pool-3-thread-1] DEBUG org.springframework.web.client.RestTemplate - Reading to [com.tourguide.app.model.VisitedLocation]
22:49:37.556 [pool-3-thread-1] DEBUG org.springframework.web.client.RestTemplate - HTTP GET http://localhost:9006/getCurrentLocation/1b4b8dd6-755b-4ec2-8c76-23691997149e
22:49:37.557 [pool-3-thread-1] DEBUG org.springframework.web.client.RestTemplate - Accept=[application/json, application/*+json]
22:49:37.566 [pool-3-thread-1] DEBUG org.springframework.web.client.RestTemplate - Response 200 OK
22:49:37.567 [pool-3-thread-1] DEBUG org.springframework.web.client.RestTemplate - Reading to [com.tourguide.app.model.VisitedLocation]
22:49:37.570 [pool-3-thread-1] DEBUG org.springframework.web.client.RestTemplate - HTTP GET http://localhost:9006/getCurrentLocation/ec48c98d-3413-4594-9a58-d1fc996fa611
22:49:37.571 [pool-3-thread-1] DEBUG org.springframework.web.client.RestTemplate - Accept=[application/json, application/*+json]
22:49:37.581 [pool-3-thread-1] DEBUG org.springframework.web.client.RestTemplate - Response 200 OK
22:49:37.581 [pool-3-thread-1] DEBUG org.springframework.web.client.RestTemplate - Reading to [com.tourguide.app.model.VisitedLocation]
22:49:37.584 [pool-3-thread-1] DEBUG org.springframework.web.client.RestTemplate - HTTP GET http://localhost:9006/getCurrentLocation/8340bd8e-0521-418d-9352-d1f371a10320
22:49:37.585 [pool-3-thread-1] DEBUG org.springframework.web.client.RestTemplate - Accept=[application/json, application/*+json]
22:49:37.593 [pool-3-thread-1] DEBUG org.springframework.web.client.RestTemplate - Response 200 OK
22:49:37.593 [pool-3-thread-1] DEBUG org.springframework.web.client.RestTemplate - Reading to [com.tourguide.app.model.VisitedLocation]
22:49:37.597 [pool-3-thread-1] DEBUG org.springframework.web.client.RestTemplate - HTTP GET http://localhost:9006/getCurrentLocation/44154fe9-5864-4549-a3c0-0c785d818712
22:49:37.598 [pool-3-thread-1] DEBUG org.springframework.web.client.RestTemplate - Accept=[application/json, application/*+json]
22:49:37.607 [pool-3-thread-1] DEBUG org.springframework.web.client.RestTemplate - Response 200 OK
22:49:37.608 [pool-3-thread-1] DEBUG org.springframework.web.client.RestTemplate - Reading to [com.tourguide.app.model.VisitedLocation]
22:49:37.610 [Test worker] DEBUG org.springframework.web.client.RestTemplate - Response 200 OK
22:49:37.610 [Test worker] DEBUG org.springframework.web.client.RestTemplate - Reading to [com.tourguide.app.model.Attraction]
22:49:37.610 [pool-3-thread-1] DEBUG org.springframework.web.client.RestTemplate - HTTP GET http://localhost:9006/getCurrentLocation/220237a9-6d71-4169-8ad0-0a965c49d741
22:49:37.613 [pool-3-thread-1] DEBUG org.springframework.web.client.RestTemplate - Accept=[application/json, application/*+json]
22:49:37.614 [Test worker] DEBUG org.springframework.web.client.RestTemplate - HTTP GET http://localhost:9007/getRewardsByUser/a2886377-1df2-4e91-933d-efa6ef2dc582
22:49:37.616 [Test worker] DEBUG org.springframework.web.client.RestTemplate - Accept=[application/json, application/*+json]
22:49:37.623 [pool-3-thread-1] DEBUG org.springframework.web.client.RestTemplate - Response 200 OK
22:49:37.623 [pool-3-thread-1] DEBUG org.springframework.web.client.RestTemplate - Reading to [com.tourguide.app.model.VisitedLocation]
22:49:37.627 [pool-3-thread-1] DEBUG org.springframework.web.client.RestTemplate - HTTP GET http://localhost:9006/getCurrentLocation/59f511c9-f1af-4dbc-b18a-379bf0854fe2
22:49:37.628 [pool-3-thread-1] DEBUG org.springframework.web.client.RestTemplate - Accept=[application/json, application/*+json]
22:49:37.638 [pool-3-thread-1] DEBUG org.springframework.web.client.RestTemplate - Response 200 OK
22:49:37.638 [pool-3-thread-1] DEBUG org.springframework.web.client.RestTemplate - Reading to [com.tourguide.app.model.VisitedLocation]
22:49:37.641 [pool-3-thread-1] DEBUG org.springframework.web.client.RestTemplate - HTTP GET http://localhost:9006/getCurrentLocation/f6b2bff7-06e4-4a83-bf70-508665e04b12
22:49:37.643 [pool-3-thread-1] DEBUG org.springframework.web.client.RestTemplate - Accept=[application/json, application/*+json]
22:49:37.651 [pool-3-thread-1] DEBUG org.springframework.web.client.RestTemplate - Response 200 OK
22:49:37.651 [pool-3-thread-1] DEBUG org.springframework.web.client.RestTemplate - Reading to [com.tourguide.app.model.VisitedLocation]
22:49:37.654 [pool-3-thread-1] DEBUG org.springframework.web.client.RestTemplate - HTTP GET http://localhost:9006/getCurrentLocation/f38e92c9-9dd9-4865-84a0-440fd577aa1d
22:49:37.655 [pool-3-thread-1] DEBUG org.springframework.web.client.RestTemplate - Accept=[application/json, application/*+json]
22:49:37.668 [pool-3-thread-1] DEBUG org.springframework.web.client.RestTemplate - Response 200 OK
22:49:37.668 [pool-3-thread-1] DEBUG org.springframework.web.client.RestTemplate - Reading to [com.tourguide.app.model.VisitedLocation]
22:49:37.671 [pool-3-thread-1] DEBUG org.springframework.web.client.RestTemplate - HTTP GET http://localhost:9006/getCurrentLocation/1abca3a8-32cc-4420-b983-5d3571840134
22:49:37.672 [pool-3-thread-1] DEBUG org.springframework.web.client.RestTemplate - Accept=[application/json, application/*+json]
22:49:37.698 [pool-3-thread-1] DEBUG org.springframework.web.client.RestTemplate - Response 200 OK
22:49:37.698 [pool-3-thread-1] DEBUG org.springframework.web.client.RestTemplate - Reading to [com.tourguide.app.model.VisitedLocation]
22:49:37.702 [pool-3-thread-1] DEBUG org.springframework.web.client.RestTemplate - HTTP GET http://localhost:9006/getCurrentLocation/009c1253-2025-4028-89cf-fd54251603d1
22:49:37.703 [pool-3-thread-1] DEBUG org.springframework.web.client.RestTemplate - Accept=[application/json, application/*+json]
22:49:37.711 [pool-3-thread-1] DEBUG org.springframework.web.client.RestTemplate - Response 200 OK
22:49:37.712 [pool-3-thread-1] DEBUG org.springframework.web.client.RestTemplate - Reading to [com.tourguide.app.model.VisitedLocation]
22:49:37.715 [pool-3-thread-1] DEBUG org.springframework.web.client.RestTemplate - HTTP GET http://localhost:9006/getCurrentLocation/52bbdcf2-7f74-42c5-b524-e01939c1aa5f
22:49:37.716 [pool-3-thread-1] DEBUG org.springframework.web.client.RestTemplate - Accept=[application/json, application/*+json]
22:49:37.726 [pool-3-thread-1] DEBUG org.springframework.web.client.RestTemplate - Response 200 OK
22:49:37.727 [pool-3-thread-1] DEBUG org.springframework.web.client.RestTemplate - Reading to [com.tourguide.app.model.VisitedLocation]
22:49:37.730 [pool-3-thread-1] DEBUG org.springframework.web.client.RestTemplate - HTTP GET http://localhost:9006/getCurrentLocation/616bc777-2bc6-4b0f-ab9c-6e46e3573c0a
22:49:37.731 [pool-3-thread-1] DEBUG org.springframework.web.client.RestTemplate - Accept=[application/json, application/*+json]
22:49:37.741 [pool-3-thread-1] DEBUG org.springframework.web.client.RestTemplate - Response 200 OK
22:49:37.741 [pool-3-thread-1] DEBUG org.springframework.web.client.RestTemplate - Reading to [com.tourguide.app.model.VisitedLocation]
22:49:37.744 [pool-3-thread-1] DEBUG org.springframework.web.client.RestTemplate - HTTP GET http://localhost:9006/getCurrentLocation/645e1c01-d2f8-4b92-8b6b-ff7e5fd01753
22:49:37.745 [pool-3-thread-1] DEBUG org.springframework.web.client.RestTemplate - Accept=[application/json, application/*+json]
22:49:37.769 [pool-3-thread-1] DEBUG org.springframework.web.client.RestTemplate - Response 200 OK
22:49:37.769 [pool-3-thread-1] DEBUG org.springframework.web.client.RestTemplate - Reading to [com.tourguide.app.model.VisitedLocation]
22:49:37.772 [pool-3-thread-1] DEBUG org.springframework.web.client.RestTemplate - HTTP GET http://localhost:9006/getCurrentLocation/cb1dd667-16ed-4294-9cf9-23065c92d8c3
22:49:37.776 [pool-3-thread-1] DEBUG org.springframework.web.client.RestTemplate - Accept=[application/json, application/*+json]
22:49:37.789 [pool-3-thread-1] DEBUG org.springframework.web.client.RestTemplate - Response 200 OK
22:49:37.789 [pool-3-thread-1] DEBUG org.springframework.web.client.RestTemplate - Reading to [com.tourguide.app.model.VisitedLocation]
22:49:37.791 [pool-3-thread-1] DEBUG org.springframework.web.client.RestTemplate - HTTP GET http://localhost:9006/getCurrentLocation/89a7b5bc-48c4-45d3-8d67-6bd3b4b2aa44
22:49:37.792 [pool-3-thread-1] DEBUG org.springframework.web.client.RestTemplate - Accept=[application/json, application/*+json]
22:49:37.800 [pool-3-thread-1] DEBUG org.springframework.web.client.RestTemplate - Response 200 OK
22:49:37.800 [pool-3-thread-1] DEBUG org.springframework.web.client.RestTemplate - Reading to [com.tourguide.app.model.VisitedLocation]
22:49:37.803 [pool-3-thread-1] DEBUG org.springframework.web.client.RestTemplate - HTTP GET http://localhost:9006/getCurrentLocation/bd03111d-813c-4581-888c-c016f1fa59e8
22:49:37.804 [pool-3-thread-1] DEBUG org.springframework.web.client.RestTemplate - Accept=[application/json, application/*+json]
22:49:37.813 [pool-3-thread-1] DEBUG org.springframework.web.client.RestTemplate - Response 200 OK
22:49:37.813 [pool-3-thread-1] DEBUG org.springframework.web.client.RestTemplate - Reading to [com.tourguide.app.model.VisitedLocation]
22:49:37.816 [pool-3-thread-1] DEBUG org.springframework.web.client.RestTemplate - HTTP GET http://localhost:9006/getCurrentLocation/6d83ee6f-5da2-42b6-ad16-c91ecd46515a
22:49:37.817 [pool-3-thread-1] DEBUG org.springframework.web.client.RestTemplate - Accept=[application/json, application/*+json]
22:49:37.823 [pool-3-thread-1] DEBUG org.springframework.web.client.RestTemplate - Response 200 OK
22:49:37.823 [pool-3-thread-1] DEBUG org.springframework.web.client.RestTemplate - Reading to [com.tourguide.app.model.VisitedLocation]
22:49:37.826 [pool-3-thread-1] DEBUG org.springframework.web.client.RestTemplate - HTTP GET http://localhost:9006/getCurrentLocation/56088a42-2a18-4f10-960a-c26712625abf
22:49:37.827 [pool-3-thread-1] DEBUG org.springframework.web.client.RestTemplate - Accept=[application/json, application/*+json]
22:49:37.841 [pool-3-thread-1] DEBUG org.springframework.web.client.RestTemplate - Response 200 OK
22:49:37.841 [pool-3-thread-1] DEBUG org.springframework.web.client.RestTemplate - Reading to [com.tourguide.app.model.VisitedLocation]
22:49:37.844 [pool-3-thread-1] DEBUG org.springframework.web.client.RestTemplate - HTTP GET http://localhost:9006/getCurrentLocation/2a263ad6-60eb-4b5b-adaf-638b5b27b805
22:49:37.845 [pool-3-thread-1] DEBUG org.springframework.web.client.RestTemplate - Accept=[application/json, application/*+json]
22:49:37.858 [pool-3-thread-1] DEBUG org.springframework.web.client.RestTemplate - Response 200 OK
22:49:37.859 [pool-3-thread-1] DEBUG org.springframework.web.client.RestTemplate - Reading to [com.tourguide.app.model.VisitedLocation]
22:49:37.862 [pool-3-thread-1] DEBUG org.springframework.web.client.RestTemplate - HTTP GET http://localhost:9006/getCurrentLocation/350e37cd-1520-4b0c-a9d9-2e4cf3ae3f32
22:49:37.863 [pool-3-thread-1] DEBUG org.springframework.web.client.RestTemplate - Accept=[application/json, application/*+json]
22:49:37.865 [Test worker] DEBUG org.springframework.web.client.RestTemplate - Response 200 OK
22:49:37.865 [Test worker] DEBUG org.springframework.web.client.RestTemplate - Reading to [java.util.List<com.tourguide.app.model.Reward>]
22:49:37.882 [Test worker] DEBUG org.springframework.web.client.RestTemplate - HTTP POST http://localhost:9008/getTripDeals
22:49:37.883 [Test worker] DEBUG org.springframework.web.client.RestTemplate - Accept=[application/json, application/*+json]
22:49:37.888 [Test worker] DEBUG org.springframework.web.client.RestTemplate - Writing [com.tourguide.app.model.TripRequest@fb5f31a] with org.springframework.http.converter.json.MappingJackson2HttpMessageConverter
22:49:37.890 [pool-3-thread-1] DEBUG org.springframework.web.client.RestTemplate - Response 200 OK
22:49:37.891 [pool-3-thread-1] DEBUG org.springframework.web.client.RestTemplate - Reading to [com.tourguide.app.model.VisitedLocation]
22:49:37.895 [pool-3-thread-1] DEBUG org.springframework.web.client.RestTemplate - HTTP GET http://localhost:9006/getCurrentLocation/7e952545-1c65-47e2-9574-e3c40c618aa5
22:49:37.896 [pool-3-thread-1] DEBUG org.springframework.web.client.RestTemplate - Accept=[application/json, application/*+json]
22:49:37.917 [pool-3-thread-1] DEBUG org.springframework.web.client.RestTemplate - Response 200 OK
22:49:37.917 [pool-3-thread-1] DEBUG org.springframework.web.client.RestTemplate - Reading to [com.tourguide.app.model.VisitedLocation]
22:49:37.921 [pool-3-thread-1] DEBUG org.springframework.web.client.RestTemplate - HTTP GET http://localhost:9006/getCurrentLocation/d0221469-5fa7-48f0-96bf-655a2cd941bd
22:49:37.923 [pool-3-thread-1] DEBUG org.springframework.web.client.RestTemplate - Accept=[application/json, application/*+json]
22:49:37.931 [pool-3-thread-1] DEBUG org.springframework.web.client.RestTemplate - Response 200 OK
22:49:37.931 [pool-3-thread-1] DEBUG org.springframework.web.client.RestTemplate - Reading to [com.tourguide.app.model.VisitedLocation]
22:49:37.935 [pool-3-thread-1] DEBUG org.springframework.web.client.RestTemplate - HTTP GET http://localhost:9006/getCurrentLocation/710baa31-c7ed-48c6-9062-72f7aad19037
22:49:37.936 [pool-3-thread-1] DEBUG org.springframework.web.client.RestTemplate - Accept=[application/json, application/*+json]
22:49:37.953 [pool-3-thread-1] DEBUG org.springframework.web.client.RestTemplate - Response 200 OK
22:49:37.953 [pool-3-thread-1] DEBUG org.springframework.web.client.RestTemplate - Reading to [com.tourguide.app.model.VisitedLocation]
22:49:37.957 [pool-3-thread-1] DEBUG org.springframework.web.client.RestTemplate - HTTP GET http://localhost:9006/getCurrentLocation/6a18c019-0bca-442a-b5e3-a734e7866234
22:49:37.959 [pool-3-thread-1] DEBUG org.springframework.web.client.RestTemplate - Accept=[application/json, application/*+json]
22:49:37.988 [pool-3-thread-1] DEBUG org.springframework.web.client.RestTemplate - Response 200 OK
22:49:37.988 [pool-3-thread-1] DEBUG org.springframework.web.client.RestTemplate - Reading to [com.tourguide.app.model.VisitedLocation]
22:49:37.992 [pool-3-thread-1] DEBUG org.springframework.web.client.RestTemplate - HTTP GET http://localhost:9006/getCurrentLocation/538d33a2-8fe8-4acb-9f0a-abe9876e148b
22:49:37.993 [pool-3-thread-1] DEBUG org.springframework.web.client.RestTemplate - Accept=[application/json, application/*+json]
22:49:38.017 [pool-3-thread-1] DEBUG org.springframework.web.client.RestTemplate - Response 200 OK
22:49:38.017 [pool-3-thread-1] DEBUG org.springframework.web.client.RestTemplate - Reading to [com.tourguide.app.model.VisitedLocation]
22:49:38.021 [pool-3-thread-1] DEBUG org.springframework.web.client.RestTemplate - HTTP GET http://localhost:9006/getCurrentLocation/093828b1-ee6c-4927-8697-f6c3f0e22415
22:49:38.023 [pool-3-thread-1] DEBUG org.springframework.web.client.RestTemplate - Accept=[application/json, application/*+json]
22:49:38.040 [pool-3-thread-1] DEBUG org.springframework.web.client.RestTemplate - Response 200 OK
22:49:38.041 [pool-3-thread-1] DEBUG org.springframework.web.client.RestTemplate - Reading to [com.tourguide.app.model.VisitedLocation]
22:49:38.044 [pool-3-thread-1] DEBUG org.springframework.web.client.RestTemplate - HTTP GET http://localhost:9006/getCurrentLocation/0f0cd096-1e2b-413e-a46d-d3985e346436
22:49:38.045 [pool-3-thread-1] DEBUG org.springframework.web.client.RestTemplate - Accept=[application/json, application/*+json]
22:49:38.060 [pool-3-thread-1] DEBUG org.springframework.web.client.RestTemplate - Response 200 OK
22:49:38.060 [pool-3-thread-1] DEBUG org.springframework.web.client.RestTemplate - Reading to [com.tourguide.app.model.VisitedLocation]
22:49:38.063 [pool-3-thread-1] DEBUG org.springframework.web.client.RestTemplate - HTTP GET http://localhost:9006/getCurrentLocation/71191f77-bd86-4c4a-9b3e-07003b6111e8
22:49:38.064 [pool-3-thread-1] DEBUG org.springframework.web.client.RestTemplate - Accept=[application/json, application/*+json]
22:49:38.087 [pool-3-thread-1] DEBUG org.springframework.web.client.RestTemplate - Response 200 OK
22:49:38.088 [pool-3-thread-1] DEBUG org.springframework.web.client.RestTemplate - Reading to [com.tourguide.app.model.VisitedLocation]
22:49:38.091 [pool-3-thread-1] DEBUG org.springframework.web.client.RestTemplate - HTTP GET http://localhost:9006/getCurrentLocation/2e148c77-67c0-4e67-aaac-6da7d752897f
22:49:38.092 [pool-3-thread-1] DEBUG org.springframework.web.client.RestTemplate - Accept=[application/json, application/*+json]
22:49:38.110 [pool-3-thread-1] DEBUG org.springframework.web.client.RestTemplate - Response 200 OK
22:49:38.110 [pool-3-thread-1] DEBUG org.springframework.web.client.RestTemplate - Reading to [com.tourguide.app.model.VisitedLocation]
22:49:38.114 [pool-3-thread-1] DEBUG org.springframework.web.client.RestTemplate - HTTP GET http://localhost:9006/getCurrentLocation/f4922c1a-6e66-47b3-ac34-3e639ac2fdef
22:49:38.115 [pool-3-thread-1] DEBUG org.springframework.web.client.RestTemplate - Accept=[application/json, application/*+json]
22:49:38.133 [pool-3-thread-1] DEBUG org.springframework.web.client.RestTemplate - Response 200 OK
22:49:38.134 [pool-3-thread-1] DEBUG org.springframework.web.client.RestTemplate - Reading to [com.tourguide.app.model.VisitedLocation]
22:49:38.136 [pool-3-thread-1] DEBUG org.springframework.web.client.RestTemplate - HTTP GET http://localhost:9006/getCurrentLocation/8ce6006a-9051-459d-852e-c3a6a4597b86
22:49:38.137 [pool-3-thread-1] DEBUG org.springframework.web.client.RestTemplate - Accept=[application/json, application/*+json]
22:49:38.146 [pool-3-thread-1] DEBUG org.springframework.web.client.RestTemplate - Response 200 OK
22:49:38.146 [pool-3-thread-1] DEBUG org.springframework.web.client.RestTemplate - Reading to [com.tourguide.app.model.VisitedLocation]
22:49:38.148 [pool-3-thread-1] DEBUG org.springframework.web.client.RestTemplate - HTTP GET http://localhost:9006/getCurrentLocation/3d6b3237-c943-4941-98a7-0ca98a298fae
22:49:38.149 [pool-3-thread-1] DEBUG org.springframework.web.client.RestTemplate - Accept=[application/json, application/*+json]
22:49:38.167 [pool-3-thread-1] DEBUG org.springframework.web.client.RestTemplate - Response 200 OK
22:49:38.167 [pool-3-thread-1] DEBUG org.springframework.web.client.RestTemplate - Reading to [com.tourguide.app.model.VisitedLocation]
22:49:38.170 [pool-3-thread-1] DEBUG org.springframework.web.client.RestTemplate - HTTP GET http://localhost:9006/getCurrentLocation/74b9fd0c-c32e-4646-85f7-f6989b24b9c9
22:49:38.171 [pool-3-thread-1] DEBUG org.springframework.web.client.RestTemplate - Accept=[application/json, application/*+json]
22:49:38.186 [pool-3-thread-1] DEBUG org.springframework.web.client.RestTemplate - Response 200 OK
22:49:38.186 [pool-3-thread-1] DEBUG org.springframework.web.client.RestTemplate - Reading to [com.tourguide.app.model.VisitedLocation]
22:49:38.189 [pool-3-thread-1] DEBUG org.springframework.web.client.RestTemplate - HTTP GET http://localhost:9006/getCurrentLocation/f3a38396-efdc-44df-82bc-4ef2b0e1faf0
22:49:38.190 [pool-3-thread-1] DEBUG org.springframework.web.client.RestTemplate - Accept=[application/json, application/*+json]
22:49:38.202 [pool-3-thread-1] DEBUG org.springframework.web.client.RestTemplate - Response 200 OK
22:49:38.202 [pool-3-thread-1] DEBUG org.springframework.web.client.RestTemplate - Reading to [com.tourguide.app.model.VisitedLocation]
22:49:38.205 [pool-3-thread-1] DEBUG org.springframework.web.client.RestTemplate - HTTP GET http://localhost:9006/getCurrentLocation/9c8433cd-a3cd-47f5-811f-e72a432b8364
22:49:38.207 [pool-3-thread-1] DEBUG org.springframework.web.client.RestTemplate - Accept=[application/json, application/*+json]
22:49:38.216 [pool-3-thread-1] DEBUG org.springframework.web.client.RestTemplate - Response 200 OK
22:49:38.216 [pool-3-thread-1] DEBUG org.springframework.web.client.RestTemplate - Reading to [com.tourguide.app.model.VisitedLocation]
22:49:38.219 [pool-3-thread-1] DEBUG org.springframework.web.client.RestTemplate - HTTP GET http://localhost:9006/getCurrentLocation/2bfd96cd-1701-4015-a0f1-4f7c38372457
22:49:38.220 [pool-3-thread-1] DEBUG org.springframework.web.client.RestTemplate - Accept=[application/json, application/*+json]
22:49:38.230 [pool-3-thread-1] DEBUG org.springframework.web.client.RestTemplate - Response 200 OK
22:49:38.230 [pool-3-thread-1] DEBUG org.springframework.web.client.RestTemplate - Reading to [com.tourguide.app.model.VisitedLocation]
22:49:38.233 [pool-3-thread-1] DEBUG org.springframework.web.client.RestTemplate - HTTP GET http://localhost:9006/getCurrentLocation/b663ece3-dd6a-4f88-80c7-25d9fd1c88bd
22:49:38.234 [pool-3-thread-1] DEBUG org.springframework.web.client.RestTemplate - Accept=[application/json, application/*+json]
22:49:38.248 [pool-3-thread-1] DEBUG org.springframework.web.client.RestTemplate - Response 200 OK
22:49:38.248 [pool-3-thread-1] DEBUG org.springframework.web.client.RestTemplate - Reading to [com.tourguide.app.model.VisitedLocation]
22:49:38.252 [pool-3-thread-1] DEBUG org.springframework.web.client.RestTemplate - HTTP GET http://localhost:9006/getCurrentLocation/4f7c3e3c-f075-48ec-84f1-0f564fb92c8b
22:49:38.254 [pool-3-thread-1] DEBUG org.springframework.web.client.RestTemplate - Accept=[application/json, application/*+json]
22:49:38.271 [pool-3-thread-1] DEBUG org.springframework.web.client.RestTemplate - Response 200 OK
22:49:38.271 [pool-3-thread-1] DEBUG org.springframework.web.client.RestTemplate - Reading to [com.tourguide.app.model.VisitedLocation]
22:49:38.278 [pool-3-thread-1] DEBUG org.springframework.web.client.RestTemplate - HTTP GET http://localhost:9006/getCurrentLocation/afe32e24-bccc-4d8c-97ea-4e5a87d39591
22:49:38.280 [pool-3-thread-1] DEBUG org.springframework.web.client.RestTemplate - Accept=[application/json, application/*+json]
22:49:38.294 [pool-3-thread-1] DEBUG org.springframework.web.client.RestTemplate - Response 200 OK
22:49:38.294 [pool-3-thread-1] DEBUG org.springframework.web.client.RestTemplate - Reading to [com.tourguide.app.model.VisitedLocation]
22:49:38.297 [pool-3-thread-1] DEBUG org.springframework.web.client.RestTemplate - HTTP GET http://localhost:9006/getCurrentLocation/8d60970b-822e-4b2a-8fa3-d2e04cee3de6
22:49:38.298 [pool-3-thread-1] DEBUG org.springframework.web.client.RestTemplate - Accept=[application/json, application/*+json]
22:49:38.311 [pool-3-thread-1] DEBUG org.springframework.web.client.RestTemplate - Response 200 OK
22:49:38.311 [pool-3-thread-1] DEBUG org.springframework.web.client.RestTemplate - Reading to [com.tourguide.app.model.VisitedLocation]
22:49:38.314 [pool-3-thread-1] DEBUG org.springframework.web.client.RestTemplate - HTTP GET http://localhost:9006/getCurrentLocation/43541c96-c904-4377-8ee5-10fb99dbdadf
22:49:38.315 [pool-3-thread-1] DEBUG org.springframework.web.client.RestTemplate - Accept=[application/json, application/*+json]
22:49:38.321 [Test worker] DEBUG org.springframework.web.client.RestTemplate - Response 200 OK
22:49:38.322 [Test worker] DEBUG org.springframework.web.client.RestTemplate - Reading to [java.util.List<com.tourguide.app.model.TripDeal>]
22:49:38.324 [pool-3-thread-1] DEBUG org.springframework.web.client.RestTemplate - Response 200 OK
22:49:38.324 [pool-3-thread-1] DEBUG org.springframework.web.client.RestTemplate - Reading to [com.tourguide.app.model.VisitedLocation]
]]></system-out>
  <system-err><![CDATA[]]></system-err>
</testsuite>
