<?xml version="1.0" encoding="UTF-8"?>
<testsuite name="com.tourguide.app.TourGuideApplicationTest" tests="1" skipped="0" failures="0" errors="0" timestamp="2022-01-28T21:49:31" hostname="iMac-de-Admin.local" time="0.002">
  <properties/>
  <testcase name="contextLoads" classname="com.tourguide.app.TourGuideApplicationTest" time="0.002"/>
  <system-out><![CDATA[]]></system-out>
  <system-err><![CDATA[]]></system-err>
</testsuite>
